Connecting to database specified by database.yml
Connecting to database specified by database.yml
  [1m[36m (3.8ms)[0m  [1mCREATE TABLE "schema_migrations" ("version" character varying(255) NOT NULL) [0m
  [1m[35m (1.3ms)[0m  CREATE UNIQUE INDEX "unique_schema_migrations" ON "schema_migrations" ("version")
  [1m[36m (0.3ms)[0m  [1mSELECT "schema_migrations"."version" FROM "schema_migrations" [0m
Migrating to CreateTeams (20130724005006)
  [1m[35m (0.1ms)[0m  BEGIN
  [1m[36m (3.1ms)[0m  [1mCREATE TABLE "teams" ("id" serial primary key, "name" character varying(255), "created_at" timestamp NOT NULL, "updated_at" timestamp NOT NULL) [0m
  [1m[35m (0.6ms)[0m  INSERT INTO "schema_migrations" ("version") VALUES ('20130724005006')
  [1m[36m (0.7ms)[0m  [1mCOMMIT[0m
  [1m[35m (0.2ms)[0m  SELECT "schema_migrations"."version" FROM "schema_migrations" 


Started GET "/assets/rails.png" for 127.0.0.1 at 2013-07-24 20:51:16 -0700
Connecting to database specified by database.yml
Served asset /rails.png - 200 OK (4ms)


Started GET "/teams" for 127.0.0.1 at 2013-07-24 20:51:23 -0700
Processing by TeamsController#index as HTML
  [1m[36mTeam Load (0.3ms)[0m  [1mSELECT "teams".* FROM "teams" [0m
  Rendered teams/index.html.haml within layouts/application (4.4ms)
Compiled application.css  (0ms)  (pid 1348)
Compiled jquery.js  (2ms)  (pid 1348)
Compiled jquery_ujs.js  (0ms)  (pid 1348)
Compiled teams.js  (159ms)  (pid 1348)
Compiled application.js  (207ms)  (pid 1348)
Completed 200 OK in 319ms (Views: 293.6ms | ActiveRecord: 7.8ms)


Started GET "/assets/teams.js?body=1" for 127.0.0.1 at 2013-07-24 20:51:23 -0700
Served asset /teams.js - 200 OK (1ms)


Started GET "/assets/jquery_ujs.js?body=1" for 127.0.0.1 at 2013-07-24 20:51:23 -0700
Served asset /jquery_ujs.js - 200 OK (2ms)


Started GET "/assets/application.css?body=1" for 127.0.0.1 at 2013-07-24 20:51:23 -0700
Served asset /application.css - 200 OK (1ms)


Started GET "/assets/jquery.js?body=1" for 127.0.0.1 at 2013-07-24 20:51:23 -0700
Served asset /jquery.js - 200 OK (2ms)


Started GET "/assets/application.js?body=1" for 127.0.0.1 at 2013-07-24 20:51:23 -0700
Served asset /application.js - 200 OK (22ms)


Started GET "/teams/new" for 127.0.0.1 at 2013-07-24 20:51:25 -0700
Processing by TeamsController#new as HTML
  Rendered teams/_form.html.haml (8.2ms)
  Rendered teams/new.html.haml within layouts/application (13.0ms)
Completed 200 OK in 21ms (Views: 16.4ms | ActiveRecord: 0.0ms)


Started POST "/teams" for 127.0.0.1 at 2013-07-24 20:51:34 -0700
Processing by TeamsController#create as HTML
  Parameters: {"utf8"=>"✓", "authenticity_token"=>"gL9U5C2ACQBRELbXP4yQj0dtJhxAKmtCnmVHQNuECrE=", "team"=>{"name"=>"Paralelo 6"}, "commit"=>"Save"}
  [1m[35m (0.2ms)[0m  BEGIN
  [1m[36mSQL (55.4ms)[0m  [1mINSERT INTO "teams" ("created_at", "name", "updated_at") VALUES ($1, $2, $3) RETURNING "id"[0m  [["created_at", Thu, 25 Jul 2013 03:51:35 UTC +00:00], ["name", "Paralelo 6"], ["updated_at", Thu, 25 Jul 2013 03:51:35 UTC +00:00]]
  [1m[35m (0.6ms)[0m  COMMIT
Redirected to http://localhost:3000/teams/1
Completed 302 Found in 61ms (ActiveRecord: 56.4ms)


Started GET "/teams/1" for 127.0.0.1 at 2013-07-24 20:51:35 -0700
Processing by TeamsController#show as HTML
  Parameters: {"id"=>"1"}
  [1m[36mTeam Load (0.7ms)[0m  [1mSELECT "teams".* FROM "teams" WHERE "teams"."id" = $1 LIMIT 1[0m  [["id", "1"]]
  Rendered teams/show.html.haml within layouts/application (2.1ms)
Completed 200 OK in 8ms (Views: 5.6ms | ActiveRecord: 0.7ms)


Started GET "/teams" for 127.0.0.1 at 2013-07-24 20:51:37 -0700
Processing by TeamsController#index as HTML
  [1m[35mTeam Load (0.2ms)[0m  SELECT "teams".* FROM "teams" 
  Rendered teams/index.html.haml within layouts/application (1.2ms)
Completed 200 OK in 6ms (Views: 4.6ms | ActiveRecord: 0.2ms)
Connecting to database specified by database.yml
Connecting to database specified by database.yml


Started GET "/teams" for 127.0.0.1 at 2013-07-24 21:02:02 -0700
Processing by TeamsController#index as HTML
  [1m[36mTeam Load (0.2ms)[0m  [1mSELECT "teams".* FROM "teams" [0m
  Rendered teams/index.html.haml within layouts/application (19.3ms)
Compiled twitter-bootstrap-static/bootstrap.css  (56ms)  (pid 1348)
Compiled twitter-bootstrap-static/fontawesome.css  (30ms)  (pid 1348)
Compiled bootstrap_and_overrides.css  (123ms)  (pid 1348)
Compiled application.css  (131ms)  (pid 1348)
Compiled twitter/bootstrap/bootstrap-transition.js  (0ms)  (pid 1348)
Compiled twitter/bootstrap/bootstrap-alert.js  (0ms)  (pid 1348)
Compiled twitter/bootstrap/bootstrap-modal.js  (0ms)  (pid 1348)
Compiled twitter/bootstrap/bootstrap-dropdown.js  (0ms)  (pid 1348)
Compiled twitter/bootstrap/bootstrap-scrollspy.js  (0ms)  (pid 1348)
Compiled twitter/bootstrap/bootstrap-tab.js  (0ms)  (pid 1348)
Compiled twitter/bootstrap/bootstrap-tooltip.js  (0ms)  (pid 1348)
Compiled twitter/bootstrap/bootstrap-popover.js  (0ms)  (pid 1348)
Compiled twitter/bootstrap/bootstrap-button.js  (0ms)  (pid 1348)
Compiled twitter/bootstrap/bootstrap-collapse.js  (0ms)  (pid 1348)
Compiled twitter/bootstrap/bootstrap-carousel.js  (0ms)  (pid 1348)
Compiled twitter/bootstrap/bootstrap-typeahead.js  (0ms)  (pid 1348)
Compiled twitter/bootstrap/bootstrap-affix.js  (0ms)  (pid 1348)
Compiled twitter/bootstrap.js  (188ms)  (pid 1348)
Compiled bootstrap.js  (70ms)  (pid 1348)
Compiled application.js  (274ms)  (pid 1348)
Completed 200 OK in 515ms (Views: 514.3ms | ActiveRecord: 0.2ms)


Started GET "/assets/twitter-bootstrap-static/bootstrap.css?body=1" for 127.0.0.1 at 2013-07-24 21:02:02 -0700
Served asset /twitter-bootstrap-static/bootstrap.css - 200 OK (10ms)


Started GET "/assets/twitter-bootstrap-static/fontawesome.css?body=1" for 127.0.0.1 at 2013-07-24 21:02:02 -0700
Served asset /twitter-bootstrap-static/fontawesome.css - 200 OK (2ms)


Started GET "/assets/twitter/bootstrap/bootstrap-alert.js?body=1" for 127.0.0.1 at 2013-07-24 21:02:02 -0700
Served asset /twitter/bootstrap/bootstrap-alert.js - 200 OK (1ms)


Started GET "/assets/bootstrap_and_overrides.css?body=1" for 127.0.0.1 at 2013-07-24 21:02:02 -0700
Served asset /bootstrap_and_overrides.css - 200 OK (3ms)


Started GET "/assets/twitter/bootstrap/bootstrap-modal.js?body=1" for 127.0.0.1 at 2013-07-24 21:02:02 -0700
Served asset /twitter/bootstrap/bootstrap-modal.js - 200 OK (3ms)


Started GET "/assets/twitter/bootstrap/bootstrap-transition.js?body=1" for 127.0.0.1 at 2013-07-24 21:02:02 -0700
Served asset /twitter/bootstrap/bootstrap-transition.js - 200 OK (2ms)


Started GET "/assets/application.css?body=1" for 127.0.0.1 at 2013-07-24 21:02:02 -0700
Served asset /application.css - 304 Not Modified (4ms)


Started GET "/assets/twitter/bootstrap/bootstrap-scrollspy.js?body=1" for 127.0.0.1 at 2013-07-24 21:02:02 -0700
Served asset /twitter/bootstrap/bootstrap-scrollspy.js - 200 OK (1ms)


Started GET "/assets/twitter/bootstrap/bootstrap-tab.js?body=1" for 127.0.0.1 at 2013-07-24 21:02:02 -0700
Served asset /twitter/bootstrap/bootstrap-tab.js - 200 OK (15ms)


Started GET "/assets/twitter/bootstrap/bootstrap-dropdown.js?body=1" for 127.0.0.1 at 2013-07-24 21:02:02 -0700
Served asset /twitter/bootstrap/bootstrap-dropdown.js - 200 OK (3ms)


Started GET "/assets/twitter/bootstrap/bootstrap-tooltip.js?body=1" for 127.0.0.1 at 2013-07-24 21:02:02 -0700
Served asset /twitter/bootstrap/bootstrap-tooltip.js - 200 OK (2ms)


Started GET "/assets/jquery_ujs.js?body=1" for 127.0.0.1 at 2013-07-24 21:02:02 -0700
Served asset /jquery_ujs.js - 304 Not Modified (0ms)


Started GET "/assets/twitter/bootstrap/bootstrap-button.js?body=1" for 127.0.0.1 at 2013-07-24 21:02:02 -0700
Served asset /twitter/bootstrap/bootstrap-button.js - 200 OK (2ms)


Started GET "/assets/jquery.js?body=1" for 127.0.0.1 at 2013-07-24 21:02:02 -0700
Served asset /jquery.js - 304 Not Modified (0ms)


Started GET "/assets/twitter/bootstrap/bootstrap-popover.js?body=1" for 127.0.0.1 at 2013-07-24 21:02:02 -0700
Served asset /twitter/bootstrap/bootstrap-popover.js - 200 OK (2ms)


Started GET "/assets/twitter/bootstrap/bootstrap-collapse.js?body=1" for 127.0.0.1 at 2013-07-24 21:02:02 -0700
Served asset /twitter/bootstrap/bootstrap-collapse.js - 200 OK (2ms)


Started GET "/assets/twitter/bootstrap/bootstrap-affix.js?body=1" for 127.0.0.1 at 2013-07-24 21:02:02 -0700
Served asset /twitter/bootstrap/bootstrap-affix.js - 200 OK (2ms)


Started GET "/assets/twitter/bootstrap/bootstrap-typeahead.js?body=1" for 127.0.0.1 at 2013-07-24 21:02:02 -0700
Served asset /twitter/bootstrap/bootstrap-typeahead.js - 200 OK (2ms)


Started GET "/assets/twitter/bootstrap/bootstrap-carousel.js?body=1" for 127.0.0.1 at 2013-07-24 21:02:02 -0700
Served asset /twitter/bootstrap/bootstrap-carousel.js - 200 OK (2ms)


Started GET "/assets/bootstrap.js?body=1" for 127.0.0.1 at 2013-07-24 21:02:02 -0700
Served asset /bootstrap.js - 200 OK (1ms)


Started GET "/assets/twitter/bootstrap.js?body=1" for 127.0.0.1 at 2013-07-24 21:02:02 -0700
Served asset /twitter/bootstrap.js - 200 OK (30ms)


Started GET "/assets/teams.js?body=1" for 127.0.0.1 at 2013-07-24 21:02:02 -0700
Served asset /teams.js - 304 Not Modified (0ms)


Started GET "/assets/application.js?body=1" for 127.0.0.1 at 2013-07-24 21:02:03 -0700
Served asset /application.js - 200 OK (16ms)


Started GET "/teams" for 127.0.0.1 at 2013-07-24 21:07:32 -0700
Processing by TeamsController#index as HTML
  [1m[35mTeam Load (0.3ms)[0m  SELECT "teams".* FROM "teams" 
  Rendered teams/index.html.haml within layouts/application (2.7ms)
Completed 200 OK in 13ms (Views: 11.2ms | ActiveRecord: 0.3ms)


Started GET "/teams" for 127.0.0.1 at 2013-07-24 21:07:34 -0700
Processing by TeamsController#index as HTML
  [1m[36mTeam Load (0.3ms)[0m  [1mSELECT "teams".* FROM "teams" [0m
  Rendered teams/index.html.haml within layouts/application (2.6ms)
Completed 200 OK in 13ms (Views: 11.8ms | ActiveRecord: 0.3ms)


Started GET "/teams" for 127.0.0.1 at 2013-07-24 21:07:44 -0700
Processing by TeamsController#index as HTML
  [1m[35mTeam Load (0.3ms)[0m  SELECT "teams".* FROM "teams" 
  Rendered teams/index.html.haml within layouts/application (2.4ms)
Completed 200 OK in 12ms (Views: 10.4ms | ActiveRecord: 0.3ms)


Started GET "/teams" for 127.0.0.1 at 2013-07-24 21:07:47 -0700
Processing by TeamsController#index as HTML
  [1m[36mTeam Load (0.3ms)[0m  [1mSELECT "teams".* FROM "teams" [0m
  Rendered teams/index.html.haml within layouts/application (2.7ms)
Completed 200 OK in 12ms (Views: 11.2ms | ActiveRecord: 0.3ms)


Started GET "/teams" for 127.0.0.1 at 2013-07-24 21:08:28 -0700
Processing by TeamsController#index as HTML
  [1m[35mTeam Load (0.3ms)[0m  SELECT "teams".* FROM "teams" 
  Rendered teams/index.html.haml within layouts/application (2.6ms)
Completed 200 OK in 12ms (Views: 10.8ms | ActiveRecord: 0.3ms)


Started GET "/assets/rails.png" for 127.0.0.1 at 2013-07-24 21:08:31 -0700
Served asset /rails.png - 304 Not Modified (0ms)


Started GET "/assets/rails.png" for 127.0.0.1 at 2013-07-24 21:09:12 -0700
Connecting to database specified by database.yml
Served asset /rails.png - 304 Not Modified (2ms)


Started GET "/teams" for 127.0.0.1 at 2013-07-24 21:09:17 -0700
Processing by TeamsController#index as HTML
  [1m[36mTeam Load (0.4ms)[0m  [1mSELECT "teams".* FROM "teams" [0m
  Rendered teams/index.html.haml within layouts/application (12.9ms)
Completed 200 OK in 128ms (Views: 97.0ms | ActiveRecord: 8.1ms)


Started GET "/assets/application.css?body=1" for 127.0.0.1 at 2013-07-24 21:09:17 -0700
Served asset /application.css - 304 Not Modified (10ms)


Started GET "/assets/twitter-bootstrap-static/fontawesome.css?body=1" for 127.0.0.1 at 2013-07-24 21:09:17 -0700
Served asset /twitter-bootstrap-static/fontawesome.css - 304 Not Modified (2ms)


Started GET "/assets/twitter-bootstrap-static/bootstrap.css?body=1" for 127.0.0.1 at 2013-07-24 21:09:17 -0700
Served asset /twitter-bootstrap-static/bootstrap.css - 304 Not Modified (2ms)


Started GET "/assets/jquery_ujs.js?body=1" for 127.0.0.1 at 2013-07-24 21:09:17 -0700
Served asset /jquery_ujs.js - 304 Not Modified (1ms)


Started GET "/assets/jquery.js?body=1" for 127.0.0.1 at 2013-07-24 21:09:17 -0700
Served asset /jquery.js - 304 Not Modified (2ms)


Started GET "/assets/bootstrap_and_overrides.css?body=1" for 127.0.0.1 at 2013-07-24 21:09:17 -0700
Served asset /bootstrap_and_overrides.css - 304 Not Modified (3ms)


Started GET "/assets/twitter/bootstrap/bootstrap-transition.js?body=1" for 127.0.0.1 at 2013-07-24 21:09:17 -0700
Served asset /twitter/bootstrap/bootstrap-transition.js - 304 Not Modified (2ms)


Started GET "/assets/twitter/bootstrap/bootstrap-alert.js?body=1" for 127.0.0.1 at 2013-07-24 21:09:17 -0700
Served asset /twitter/bootstrap/bootstrap-alert.js - 304 Not Modified (2ms)


Started GET "/assets/twitter/bootstrap/bootstrap-modal.js?body=1" for 127.0.0.1 at 2013-07-24 21:09:17 -0700
Served asset /twitter/bootstrap/bootstrap-modal.js - 304 Not Modified (2ms)


Started GET "/assets/twitter/bootstrap/bootstrap-dropdown.js?body=1" for 127.0.0.1 at 2013-07-24 21:09:17 -0700
Served asset /twitter/bootstrap/bootstrap-dropdown.js - 304 Not Modified (2ms)


Started GET "/assets/twitter/bootstrap/bootstrap-scrollspy.js?body=1" for 127.0.0.1 at 2013-07-24 21:09:17 -0700
Served asset /twitter/bootstrap/bootstrap-scrollspy.js - 304 Not Modified (2ms)


Started GET "/assets/twitter/bootstrap/bootstrap-tab.js?body=1" for 127.0.0.1 at 2013-07-24 21:09:17 -0700
Served asset /twitter/bootstrap/bootstrap-tab.js - 304 Not Modified (2ms)


Started GET "/assets/twitter/bootstrap/bootstrap-tooltip.js?body=1" for 127.0.0.1 at 2013-07-24 21:09:17 -0700
Served asset /twitter/bootstrap/bootstrap-tooltip.js - 304 Not Modified (2ms)


Started GET "/assets/twitter/bootstrap/bootstrap-popover.js?body=1" for 127.0.0.1 at 2013-07-24 21:09:17 -0700
Served asset /twitter/bootstrap/bootstrap-popover.js - 304 Not Modified (2ms)


Started GET "/assets/twitter/bootstrap/bootstrap-button.js?body=1" for 127.0.0.1 at 2013-07-24 21:09:17 -0700
Served asset /twitter/bootstrap/bootstrap-button.js - 304 Not Modified (2ms)


Started GET "/assets/twitter/bootstrap/bootstrap-collapse.js?body=1" for 127.0.0.1 at 2013-07-24 21:09:17 -0700
Served asset /twitter/bootstrap/bootstrap-collapse.js - 304 Not Modified (2ms)


Started GET "/assets/twitter/bootstrap/bootstrap-carousel.js?body=1" for 127.0.0.1 at 2013-07-24 21:09:17 -0700
Served asset /twitter/bootstrap/bootstrap-carousel.js - 304 Not Modified (2ms)


Started GET "/assets/twitter/bootstrap/bootstrap-typeahead.js?body=1" for 127.0.0.1 at 2013-07-24 21:09:17 -0700
Served asset /twitter/bootstrap/bootstrap-typeahead.js - 304 Not Modified (3ms)


Started GET "/assets/twitter/bootstrap/bootstrap-affix.js?body=1" for 127.0.0.1 at 2013-07-24 21:09:17 -0700
Served asset /twitter/bootstrap/bootstrap-affix.js - 304 Not Modified (1ms)


Started GET "/assets/twitter/bootstrap.js?body=1" for 127.0.0.1 at 2013-07-24 21:09:17 -0700
Served asset /twitter/bootstrap.js - 304 Not Modified (26ms)


Started GET "/assets/bootstrap.js?body=1" for 127.0.0.1 at 2013-07-24 21:09:17 -0700
Served asset /bootstrap.js - 304 Not Modified (1ms)


Started GET "/assets/teams.js?body=1" for 127.0.0.1 at 2013-07-24 21:09:17 -0700
Served asset /teams.js - 304 Not Modified (1ms)


Started GET "/assets/application.js?body=1" for 127.0.0.1 at 2013-07-24 21:09:17 -0700
Served asset /application.js - 304 Not Modified (21ms)


Started GET "/assets/favicon.ico" for 127.0.0.1 at 2013-07-24 21:09:17 -0700
Served asset /favicon.ico - 404 Not Found (3ms)

ActionController::RoutingError (No route matches [GET] "/assets/favicon.ico"):
  actionpack (3.2.12) lib/action_dispatch/middleware/debug_exceptions.rb:21:in `call'
  actionpack (3.2.12) lib/action_dispatch/middleware/show_exceptions.rb:56:in `call'
  railties (3.2.12) lib/rails/rack/logger.rb:32:in `call_app'
  railties (3.2.12) lib/rails/rack/logger.rb:16:in `block in call'
  activesupport (3.2.12) lib/active_support/tagged_logging.rb:22:in `tagged'
  railties (3.2.12) lib/rails/rack/logger.rb:16:in `call'
  actionpack (3.2.12) lib/action_dispatch/middleware/request_id.rb:22:in `call'
  rack (1.4.5) lib/rack/methodoverride.rb:21:in `call'
  rack (1.4.5) lib/rack/runtime.rb:17:in `call'
  activesupport (3.2.12) lib/active_support/cache/strategy/local_cache.rb:72:in `call'
  rack (1.4.5) lib/rack/lock.rb:15:in `call'
  actionpack (3.2.12) lib/action_dispatch/middleware/static.rb:62:in `call'
  railties (3.2.12) lib/rails/engine.rb:479:in `call'
  railties (3.2.12) lib/rails/application.rb:223:in `call'
  rack (1.4.5) lib/rack/content_length.rb:14:in `call'
  railties (3.2.12) lib/rails/rack/log_tailer.rb:17:in `call'
  rack (1.4.5) lib/rack/handler/webrick.rb:59:in `service'
  /Users/Humberto/.rvm/rubies/ruby-1.9.3-p362/lib/ruby/1.9.1/webrick/httpserver.rb:138:in `service'
  /Users/Humberto/.rvm/rubies/ruby-1.9.3-p362/lib/ruby/1.9.1/webrick/httpserver.rb:94:in `run'
  /Users/Humberto/.rvm/rubies/ruby-1.9.3-p362/lib/ruby/1.9.1/webrick/server.rb:191:in `block in start_thread'


  Rendered /Users/Humberto/.rvm/gems/ruby-1.9.3-p362@rails3tutorial/gems/actionpack-3.2.12/lib/action_dispatch/middleware/templates/rescues/routing_error.erb within rescues/layout (0.7ms)


Started GET "/assets/favicon.ico" for 127.0.0.1 at 2013-07-24 21:09:17 -0700
Served asset /favicon.ico - 404 Not Found (3ms)

ActionController::RoutingError (No route matches [GET] "/assets/favicon.ico"):
  actionpack (3.2.12) lib/action_dispatch/middleware/debug_exceptions.rb:21:in `call'
  actionpack (3.2.12) lib/action_dispatch/middleware/show_exceptions.rb:56:in `call'
  railties (3.2.12) lib/rails/rack/logger.rb:32:in `call_app'
  railties (3.2.12) lib/rails/rack/logger.rb:16:in `block in call'
  activesupport (3.2.12) lib/active_support/tagged_logging.rb:22:in `tagged'
  railties (3.2.12) lib/rails/rack/logger.rb:16:in `call'
  actionpack (3.2.12) lib/action_dispatch/middleware/request_id.rb:22:in `call'
  rack (1.4.5) lib/rack/methodoverride.rb:21:in `call'
  rack (1.4.5) lib/rack/runtime.rb:17:in `call'
  activesupport (3.2.12) lib/active_support/cache/strategy/local_cache.rb:72:in `call'
  rack (1.4.5) lib/rack/lock.rb:15:in `call'
  actionpack (3.2.12) lib/action_dispatch/middleware/static.rb:62:in `call'
  railties (3.2.12) lib/rails/engine.rb:479:in `call'
  railties (3.2.12) lib/rails/application.rb:223:in `call'
  rack (1.4.5) lib/rack/content_length.rb:14:in `call'
  railties (3.2.12) lib/rails/rack/log_tailer.rb:17:in `call'
  rack (1.4.5) lib/rack/handler/webrick.rb:59:in `service'
  /Users/Humberto/.rvm/rubies/ruby-1.9.3-p362/lib/ruby/1.9.1/webrick/httpserver.rb:138:in `service'
  /Users/Humberto/.rvm/rubies/ruby-1.9.3-p362/lib/ruby/1.9.1/webrick/httpserver.rb:94:in `run'
  /Users/Humberto/.rvm/rubies/ruby-1.9.3-p362/lib/ruby/1.9.1/webrick/server.rb:191:in `block in start_thread'


  Rendered /Users/Humberto/.rvm/gems/ruby-1.9.3-p362@rails3tutorial/gems/actionpack-3.2.12/lib/action_dispatch/middleware/templates/rescues/routing_error.erb within rescues/layout (0.6ms)


Started GET "/teams" for 127.0.0.1 at 2013-07-24 21:09:47 -0700
Processing by TeamsController#index as HTML
  [1m[35mTeam Load (0.3ms)[0m  SELECT "teams".* FROM "teams" 
  Rendered teams/index.html.haml within layouts/application (2.5ms)
Completed 200 OK in 20ms (Views: 18.6ms | ActiveRecord: 0.3ms)


Started GET "/assets/application.css?body=1" for 127.0.0.1 at 2013-07-24 21:09:47 -0700
Served asset /application.css - 304 Not Modified (0ms)


Started GET "/assets/twitter-bootstrap-static/bootstrap.css?body=1" for 127.0.0.1 at 2013-07-24 21:09:47 -0700
Served asset /twitter-bootstrap-static/bootstrap.css - 304 Not Modified (0ms)


Started GET "/assets/jquery_ujs.js?body=1" for 127.0.0.1 at 2013-07-24 21:09:47 -0700
Served asset /jquery_ujs.js - 304 Not Modified (0ms)


Started GET "/assets/twitter-bootstrap-static/fontawesome.css?body=1" for 127.0.0.1 at 2013-07-24 21:09:47 -0700
Served asset /twitter-bootstrap-static/fontawesome.css - 304 Not Modified (0ms)


Started GET "/assets/bootstrap_and_overrides.css?body=1" for 127.0.0.1 at 2013-07-24 21:09:47 -0700
Served asset /bootstrap_and_overrides.css - 304 Not Modified (0ms)


Started GET "/assets/jquery.js?body=1" for 127.0.0.1 at 2013-07-24 21:09:47 -0700
Served asset /jquery.js - 304 Not Modified (0ms)


Started GET "/assets/twitter/bootstrap/bootstrap-transition.js?body=1" for 127.0.0.1 at 2013-07-24 21:09:47 -0700
Served asset /twitter/bootstrap/bootstrap-transition.js - 304 Not Modified (0ms)


Started GET "/assets/twitter/bootstrap/bootstrap-alert.js?body=1" for 127.0.0.1 at 2013-07-24 21:09:47 -0700
Served asset /twitter/bootstrap/bootstrap-alert.js - 304 Not Modified (0ms)


Started GET "/assets/twitter/bootstrap/bootstrap-modal.js?body=1" for 127.0.0.1 at 2013-07-24 21:09:47 -0700
Served asset /twitter/bootstrap/bootstrap-modal.js - 304 Not Modified (0ms)


Started GET "/assets/twitter/bootstrap/bootstrap-dropdown.js?body=1" for 127.0.0.1 at 2013-07-24 21:09:47 -0700
Served asset /twitter/bootstrap/bootstrap-dropdown.js - 304 Not Modified (0ms)


Started GET "/assets/twitter/bootstrap/bootstrap-scrollspy.js?body=1" for 127.0.0.1 at 2013-07-24 21:09:47 -0700
Served asset /twitter/bootstrap/bootstrap-scrollspy.js - 304 Not Modified (0ms)


Started GET "/assets/twitter/bootstrap/bootstrap-popover.js?body=1" for 127.0.0.1 at 2013-07-24 21:09:47 -0700
Served asset /twitter/bootstrap/bootstrap-popover.js - 304 Not Modified (0ms)


Started GET "/assets/twitter/bootstrap/bootstrap-button.js?body=1" for 127.0.0.1 at 2013-07-24 21:09:47 -0700
Served asset /twitter/bootstrap/bootstrap-button.js - 304 Not Modified (0ms)


Started GET "/assets/twitter/bootstrap/bootstrap-tab.js?body=1" for 127.0.0.1 at 2013-07-24 21:09:47 -0700
Served asset /twitter/bootstrap/bootstrap-tab.js - 304 Not Modified (0ms)


Started GET "/assets/twitter/bootstrap/bootstrap-tooltip.js?body=1" for 127.0.0.1 at 2013-07-24 21:09:47 -0700
Served asset /twitter/bootstrap/bootstrap-tooltip.js - 304 Not Modified (0ms)


Started GET "/assets/twitter/bootstrap/bootstrap-collapse.js?body=1" for 127.0.0.1 at 2013-07-24 21:09:47 -0700
Served asset /twitter/bootstrap/bootstrap-collapse.js - 304 Not Modified (0ms)


Started GET "/assets/twitter/bootstrap/bootstrap-carousel.js?body=1" for 127.0.0.1 at 2013-07-24 21:09:47 -0700
Served asset /twitter/bootstrap/bootstrap-carousel.js - 304 Not Modified (0ms)


Started GET "/assets/twitter/bootstrap/bootstrap-typeahead.js?body=1" for 127.0.0.1 at 2013-07-24 21:09:47 -0700
Served asset /twitter/bootstrap/bootstrap-typeahead.js - 304 Not Modified (0ms)


Started GET "/assets/twitter/bootstrap/bootstrap-affix.js?body=1" for 127.0.0.1 at 2013-07-24 21:09:47 -0700
Served asset /twitter/bootstrap/bootstrap-affix.js - 304 Not Modified (0ms)


Started GET "/assets/twitter/bootstrap.js?body=1" for 127.0.0.1 at 2013-07-24 21:09:47 -0700
Served asset /twitter/bootstrap.js - 304 Not Modified (0ms)


Started GET "/assets/bootstrap.js?body=1" for 127.0.0.1 at 2013-07-24 21:09:47 -0700
Served asset /bootstrap.js - 304 Not Modified (0ms)


Started GET "/assets/teams.js?body=1" for 127.0.0.1 at 2013-07-24 21:09:47 -0700
Served asset /teams.js - 304 Not Modified (0ms)


Started GET "/assets/application.js?body=1" for 127.0.0.1 at 2013-07-24 21:09:47 -0700
Served asset /application.js - 304 Not Modified (0ms)


Started GET "/assets/favicon.ico" for 127.0.0.1 at 2013-07-24 21:09:47 -0700
Served asset /favicon.ico - 404 Not Found (3ms)

ActionController::RoutingError (No route matches [GET] "/assets/favicon.ico"):
  actionpack (3.2.12) lib/action_dispatch/middleware/debug_exceptions.rb:21:in `call'
  actionpack (3.2.12) lib/action_dispatch/middleware/show_exceptions.rb:56:in `call'
  railties (3.2.12) lib/rails/rack/logger.rb:32:in `call_app'
  railties (3.2.12) lib/rails/rack/logger.rb:16:in `block in call'
  activesupport (3.2.12) lib/active_support/tagged_logging.rb:22:in `tagged'
  railties (3.2.12) lib/rails/rack/logger.rb:16:in `call'
  actionpack (3.2.12) lib/action_dispatch/middleware/request_id.rb:22:in `call'
  rack (1.4.5) lib/rack/methodoverride.rb:21:in `call'
  rack (1.4.5) lib/rack/runtime.rb:17:in `call'
  activesupport (3.2.12) lib/active_support/cache/strategy/local_cache.rb:72:in `call'
  rack (1.4.5) lib/rack/lock.rb:15:in `call'
  actionpack (3.2.12) lib/action_dispatch/middleware/static.rb:62:in `call'
  railties (3.2.12) lib/rails/engine.rb:479:in `call'
  railties (3.2.12) lib/rails/application.rb:223:in `call'
  rack (1.4.5) lib/rack/content_length.rb:14:in `call'
  railties (3.2.12) lib/rails/rack/log_tailer.rb:17:in `call'
  rack (1.4.5) lib/rack/handler/webrick.rb:59:in `service'
  /Users/Humberto/.rvm/rubies/ruby-1.9.3-p362/lib/ruby/1.9.1/webrick/httpserver.rb:138:in `service'
  /Users/Humberto/.rvm/rubies/ruby-1.9.3-p362/lib/ruby/1.9.1/webrick/httpserver.rb:94:in `run'
  /Users/Humberto/.rvm/rubies/ruby-1.9.3-p362/lib/ruby/1.9.1/webrick/server.rb:191:in `block in start_thread'


  Rendered /Users/Humberto/.rvm/gems/ruby-1.9.3-p362@rails3tutorial/gems/actionpack-3.2.12/lib/action_dispatch/middleware/templates/rescues/routing_error.erb within rescues/layout (0.6ms)


Started GET "/assets/favicon.ico" for 127.0.0.1 at 2013-07-24 21:09:47 -0700
Served asset /favicon.ico - 404 Not Found (3ms)

ActionController::RoutingError (No route matches [GET] "/assets/favicon.ico"):
  actionpack (3.2.12) lib/action_dispatch/middleware/debug_exceptions.rb:21:in `call'
  actionpack (3.2.12) lib/action_dispatch/middleware/show_exceptions.rb:56:in `call'
  railties (3.2.12) lib/rails/rack/logger.rb:32:in `call_app'
  railties (3.2.12) lib/rails/rack/logger.rb:16:in `block in call'
  activesupport (3.2.12) lib/active_support/tagged_logging.rb:22:in `tagged'
  railties (3.2.12) lib/rails/rack/logger.rb:16:in `call'
  actionpack (3.2.12) lib/action_dispatch/middleware/request_id.rb:22:in `call'
  rack (1.4.5) lib/rack/methodoverride.rb:21:in `call'
  rack (1.4.5) lib/rack/runtime.rb:17:in `call'
  activesupport (3.2.12) lib/active_support/cache/strategy/local_cache.rb:72:in `call'
  rack (1.4.5) lib/rack/lock.rb:15:in `call'
  actionpack (3.2.12) lib/action_dispatch/middleware/static.rb:62:in `call'
  railties (3.2.12) lib/rails/engine.rb:479:in `call'
  railties (3.2.12) lib/rails/application.rb:223:in `call'
  rack (1.4.5) lib/rack/content_length.rb:14:in `call'
  railties (3.2.12) lib/rails/rack/log_tailer.rb:17:in `call'
  rack (1.4.5) lib/rack/handler/webrick.rb:59:in `service'
  /Users/Humberto/.rvm/rubies/ruby-1.9.3-p362/lib/ruby/1.9.1/webrick/httpserver.rb:138:in `service'
  /Users/Humberto/.rvm/rubies/ruby-1.9.3-p362/lib/ruby/1.9.1/webrick/httpserver.rb:94:in `run'
  /Users/Humberto/.rvm/rubies/ruby-1.9.3-p362/lib/ruby/1.9.1/webrick/server.rb:191:in `block in start_thread'


  Rendered /Users/Humberto/.rvm/gems/ruby-1.9.3-p362@rails3tutorial/gems/actionpack-3.2.12/lib/action_dispatch/middleware/templates/rescues/routing_error.erb within rescues/layout (0.5ms)


Started GET "/teams" for 127.0.0.1 at 2013-07-24 21:10:08 -0700
Processing by TeamsController#index as HTML
  [1m[36mTeam Load (0.3ms)[0m  [1mSELECT "teams".* FROM "teams" [0m
  Rendered teams/index.html.haml within layouts/application (16.5ms)
Completed 200 OK in 34ms (Views: 32.5ms | ActiveRecord: 0.3ms)


Started GET "/assets/application.css?body=1" for 127.0.0.1 at 2013-07-24 21:10:08 -0700
Served asset /application.css - 304 Not Modified (0ms)


Started GET "/assets/jquery_ujs.js?body=1" for 127.0.0.1 at 2013-07-24 21:10:08 -0700
Served asset /jquery_ujs.js - 304 Not Modified (0ms)


Started GET "/assets/jquery.js?body=1" for 127.0.0.1 at 2013-07-24 21:10:08 -0700
Served asset /jquery.js - 304 Not Modified (0ms)


Started GET "/assets/twitter-bootstrap-static/fontawesome.css?body=1" for 127.0.0.1 at 2013-07-24 21:10:08 -0700
Served asset /twitter-bootstrap-static/fontawesome.css - 304 Not Modified (0ms)


Started GET "/assets/bootstrap_and_overrides.css?body=1" for 127.0.0.1 at 2013-07-24 21:10:08 -0700
Served asset /bootstrap_and_overrides.css - 304 Not Modified (0ms)


Started GET "/assets/twitter-bootstrap-static/bootstrap.css?body=1" for 127.0.0.1 at 2013-07-24 21:10:08 -0700
Served asset /twitter-bootstrap-static/bootstrap.css - 304 Not Modified (0ms)


Started GET "/assets/twitter/bootstrap/bootstrap-transition.js?body=1" for 127.0.0.1 at 2013-07-24 21:10:08 -0700
Served asset /twitter/bootstrap/bootstrap-transition.js - 304 Not Modified (0ms)


Started GET "/assets/twitter/bootstrap/bootstrap-alert.js?body=1" for 127.0.0.1 at 2013-07-24 21:10:08 -0700
Served asset /twitter/bootstrap/bootstrap-alert.js - 304 Not Modified (0ms)


Started GET "/assets/twitter/bootstrap/bootstrap-modal.js?body=1" for 127.0.0.1 at 2013-07-24 21:10:08 -0700
Served asset /twitter/bootstrap/bootstrap-modal.js - 304 Not Modified (0ms)


Started GET "/assets/twitter/bootstrap/bootstrap-dropdown.js?body=1" for 127.0.0.1 at 2013-07-24 21:10:08 -0700
Served asset /twitter/bootstrap/bootstrap-dropdown.js - 304 Not Modified (0ms)


Started GET "/assets/twitter/bootstrap/bootstrap-scrollspy.js?body=1" for 127.0.0.1 at 2013-07-24 21:10:08 -0700
Served asset /twitter/bootstrap/bootstrap-scrollspy.js - 304 Not Modified (0ms)


Started GET "/assets/twitter/bootstrap/bootstrap-tab.js?body=1" for 127.0.0.1 at 2013-07-24 21:10:08 -0700
Served asset /twitter/bootstrap/bootstrap-tab.js - 304 Not Modified (0ms)


Started GET "/assets/twitter/bootstrap/bootstrap-tooltip.js?body=1" for 127.0.0.1 at 2013-07-24 21:10:08 -0700
Served asset /twitter/bootstrap/bootstrap-tooltip.js - 304 Not Modified (0ms)


Started GET "/assets/twitter/bootstrap/bootstrap-popover.js?body=1" for 127.0.0.1 at 2013-07-24 21:10:08 -0700
Served asset /twitter/bootstrap/bootstrap-popover.js - 304 Not Modified (0ms)


Started GET "/assets/twitter/bootstrap/bootstrap-button.js?body=1" for 127.0.0.1 at 2013-07-24 21:10:08 -0700
Served asset /twitter/bootstrap/bootstrap-button.js - 304 Not Modified (0ms)


Started GET "/assets/twitter/bootstrap/bootstrap-collapse.js?body=1" for 127.0.0.1 at 2013-07-24 21:10:08 -0700
Served asset /twitter/bootstrap/bootstrap-collapse.js - 304 Not Modified (0ms)


Started GET "/assets/twitter/bootstrap/bootstrap-affix.js?body=1" for 127.0.0.1 at 2013-07-24 21:10:08 -0700
Served asset /twitter/bootstrap/bootstrap-affix.js - 304 Not Modified (0ms)


Started GET "/assets/twitter/bootstrap/bootstrap-carousel.js?body=1" for 127.0.0.1 at 2013-07-24 21:10:08 -0700
Served asset /twitter/bootstrap/bootstrap-carousel.js - 304 Not Modified (0ms)


Started GET "/assets/twitter/bootstrap/bootstrap-typeahead.js?body=1" for 127.0.0.1 at 2013-07-24 21:10:08 -0700
Served asset /twitter/bootstrap/bootstrap-typeahead.js - 304 Not Modified (0ms)


Started GET "/assets/twitter/bootstrap.js?body=1" for 127.0.0.1 at 2013-07-24 21:10:08 -0700
Served asset /twitter/bootstrap.js - 304 Not Modified (0ms)


Started GET "/assets/bootstrap.js?body=1" for 127.0.0.1 at 2013-07-24 21:10:08 -0700
Served asset /bootstrap.js - 304 Not Modified (0ms)


Started GET "/assets/teams.js?body=1" for 127.0.0.1 at 2013-07-24 21:10:08 -0700
Served asset /teams.js - 304 Not Modified (0ms)


Started GET "/assets/application.js?body=1" for 127.0.0.1 at 2013-07-24 21:10:08 -0700
Served asset /application.js - 304 Not Modified (0ms)


Started GET "/assets/favicon.ico" for 127.0.0.1 at 2013-07-24 21:10:08 -0700
Served asset /favicon.ico - 404 Not Found (3ms)

ActionController::RoutingError (No route matches [GET] "/assets/favicon.ico"):
  actionpack (3.2.12) lib/action_dispatch/middleware/debug_exceptions.rb:21:in `call'
  actionpack (3.2.12) lib/action_dispatch/middleware/show_exceptions.rb:56:in `call'
  railties (3.2.12) lib/rails/rack/logger.rb:32:in `call_app'
  railties (3.2.12) lib/rails/rack/logger.rb:16:in `block in call'
  activesupport (3.2.12) lib/active_support/tagged_logging.rb:22:in `tagged'
  railties (3.2.12) lib/rails/rack/logger.rb:16:in `call'
  actionpack (3.2.12) lib/action_dispatch/middleware/request_id.rb:22:in `call'
  rack (1.4.5) lib/rack/methodoverride.rb:21:in `call'
  rack (1.4.5) lib/rack/runtime.rb:17:in `call'
  activesupport (3.2.12) lib/active_support/cache/strategy/local_cache.rb:72:in `call'
  rack (1.4.5) lib/rack/lock.rb:15:in `call'
  actionpack (3.2.12) lib/action_dispatch/middleware/static.rb:62:in `call'
  railties (3.2.12) lib/rails/engine.rb:479:in `call'
  railties (3.2.12) lib/rails/application.rb:223:in `call'
  rack (1.4.5) lib/rack/content_length.rb:14:in `call'
  railties (3.2.12) lib/rails/rack/log_tailer.rb:17:in `call'
  rack (1.4.5) lib/rack/handler/webrick.rb:59:in `service'
  /Users/Humberto/.rvm/rubies/ruby-1.9.3-p362/lib/ruby/1.9.1/webrick/httpserver.rb:138:in `service'
  /Users/Humberto/.rvm/rubies/ruby-1.9.3-p362/lib/ruby/1.9.1/webrick/httpserver.rb:94:in `run'
  /Users/Humberto/.rvm/rubies/ruby-1.9.3-p362/lib/ruby/1.9.1/webrick/server.rb:191:in `block in start_thread'


  Rendered /Users/Humberto/.rvm/gems/ruby-1.9.3-p362@rails3tutorial/gems/actionpack-3.2.12/lib/action_dispatch/middleware/templates/rescues/routing_error.erb within rescues/layout (0.6ms)


Started GET "/assets/favicon.ico" for 127.0.0.1 at 2013-07-24 21:10:08 -0700
Served asset /favicon.ico - 404 Not Found (3ms)

ActionController::RoutingError (No route matches [GET] "/assets/favicon.ico"):
  actionpack (3.2.12) lib/action_dispatch/middleware/debug_exceptions.rb:21:in `call'
  actionpack (3.2.12) lib/action_dispatch/middleware/show_exceptions.rb:56:in `call'
  railties (3.2.12) lib/rails/rack/logger.rb:32:in `call_app'
  railties (3.2.12) lib/rails/rack/logger.rb:16:in `block in call'
  activesupport (3.2.12) lib/active_support/tagged_logging.rb:22:in `tagged'
  railties (3.2.12) lib/rails/rack/logger.rb:16:in `call'
  actionpack (3.2.12) lib/action_dispatch/middleware/request_id.rb:22:in `call'
  rack (1.4.5) lib/rack/methodoverride.rb:21:in `call'
  rack (1.4.5) lib/rack/runtime.rb:17:in `call'
  activesupport (3.2.12) lib/active_support/cache/strategy/local_cache.rb:72:in `call'
  rack (1.4.5) lib/rack/lock.rb:15:in `call'
  actionpack (3.2.12) lib/action_dispatch/middleware/static.rb:62:in `call'
  railties (3.2.12) lib/rails/engine.rb:479:in `call'
  railties (3.2.12) lib/rails/application.rb:223:in `call'
  rack (1.4.5) lib/rack/content_length.rb:14:in `call'
  railties (3.2.12) lib/rails/rack/log_tailer.rb:17:in `call'
  rack (1.4.5) lib/rack/handler/webrick.rb:59:in `service'
  /Users/Humberto/.rvm/rubies/ruby-1.9.3-p362/lib/ruby/1.9.1/webrick/httpserver.rb:138:in `service'
  /Users/Humberto/.rvm/rubies/ruby-1.9.3-p362/lib/ruby/1.9.1/webrick/httpserver.rb:94:in `run'
  /Users/Humberto/.rvm/rubies/ruby-1.9.3-p362/lib/ruby/1.9.1/webrick/server.rb:191:in `block in start_thread'


  Rendered /Users/Humberto/.rvm/gems/ruby-1.9.3-p362@rails3tutorial/gems/actionpack-3.2.12/lib/action_dispatch/middleware/templates/rescues/routing_error.erb within rescues/layout (0.6ms)


Started GET "/assets/fontawesome-webfont.woff" for 127.0.0.1 at 2013-07-24 21:10:20 -0700
Served asset /fontawesome-webfont.woff - 200 OK (6ms)


Started GET "/teams" for 127.0.0.1 at 2013-07-24 21:12:01 -0700
Processing by TeamsController#index as HTML
  [1m[35mTeam Load (0.3ms)[0m  SELECT "teams".* FROM "teams" 
  Rendered teams/index.html.haml within layouts/application (16.3ms)
Completed 200 OK in 33ms (Views: 32.0ms | ActiveRecord: 0.3ms)


Started GET "/assets/application.css?body=1" for 127.0.0.1 at 2013-07-24 21:12:01 -0700
Served asset /application.css - 304 Not Modified (0ms)


Started GET "/assets/twitter-bootstrap-static/bootstrap.css?body=1" for 127.0.0.1 at 2013-07-24 21:12:01 -0700
Served asset /twitter-bootstrap-static/bootstrap.css - 304 Not Modified (0ms)


Started GET "/assets/twitter-bootstrap-static/fontawesome.css?body=1" for 127.0.0.1 at 2013-07-24 21:12:01 -0700
Served asset /twitter-bootstrap-static/fontawesome.css - 304 Not Modified (0ms)


Started GET "/assets/jquery_ujs.js?body=1" for 127.0.0.1 at 2013-07-24 21:12:01 -0700
Served asset /jquery_ujs.js - 304 Not Modified (0ms)


Started GET "/assets/jquery.js?body=1" for 127.0.0.1 at 2013-07-24 21:12:01 -0700
Served asset /jquery.js - 304 Not Modified (0ms)


Started GET "/assets/bootstrap_and_overrides.css?body=1" for 127.0.0.1 at 2013-07-24 21:12:01 -0700
Served asset /bootstrap_and_overrides.css - 304 Not Modified (0ms)


Started GET "/assets/twitter/bootstrap/bootstrap-transition.js?body=1" for 127.0.0.1 at 2013-07-24 21:12:01 -0700
Served asset /twitter/bootstrap/bootstrap-transition.js - 304 Not Modified (0ms)


Started GET "/assets/twitter/bootstrap/bootstrap-alert.js?body=1" for 127.0.0.1 at 2013-07-24 21:12:01 -0700
Served asset /twitter/bootstrap/bootstrap-alert.js - 304 Not Modified (0ms)


Started GET "/assets/twitter/bootstrap/bootstrap-modal.js?body=1" for 127.0.0.1 at 2013-07-24 21:12:01 -0700
Served asset /twitter/bootstrap/bootstrap-modal.js - 304 Not Modified (0ms)


Started GET "/assets/twitter/bootstrap/bootstrap-dropdown.js?body=1" for 127.0.0.1 at 2013-07-24 21:12:01 -0700
Served asset /twitter/bootstrap/bootstrap-dropdown.js - 304 Not Modified (0ms)


Started GET "/assets/twitter/bootstrap/bootstrap-scrollspy.js?body=1" for 127.0.0.1 at 2013-07-24 21:12:01 -0700
Served asset /twitter/bootstrap/bootstrap-scrollspy.js - 304 Not Modified (0ms)


Started GET "/assets/twitter/bootstrap/bootstrap-tab.js?body=1" for 127.0.0.1 at 2013-07-24 21:12:01 -0700
Served asset /twitter/bootstrap/bootstrap-tab.js - 304 Not Modified (0ms)


Started GET "/assets/twitter/bootstrap/bootstrap-tooltip.js?body=1" for 127.0.0.1 at 2013-07-24 21:12:01 -0700
Served asset /twitter/bootstrap/bootstrap-tooltip.js - 304 Not Modified (0ms)


Started GET "/assets/twitter/bootstrap/bootstrap-popover.js?body=1" for 127.0.0.1 at 2013-07-24 21:12:01 -0700
Served asset /twitter/bootstrap/bootstrap-popover.js - 304 Not Modified (0ms)


Started GET "/assets/twitter/bootstrap/bootstrap-button.js?body=1" for 127.0.0.1 at 2013-07-24 21:12:01 -0700
Served asset /twitter/bootstrap/bootstrap-button.js - 304 Not Modified (0ms)


Started GET "/assets/twitter/bootstrap/bootstrap-collapse.js?body=1" for 127.0.0.1 at 2013-07-24 21:12:02 -0700
Served asset /twitter/bootstrap/bootstrap-collapse.js - 304 Not Modified (0ms)


Started GET "/assets/twitter/bootstrap/bootstrap-carousel.js?body=1" for 127.0.0.1 at 2013-07-24 21:12:02 -0700
Served asset /twitter/bootstrap/bootstrap-carousel.js - 304 Not Modified (0ms)


Started GET "/assets/twitter/bootstrap/bootstrap-typeahead.js?body=1" for 127.0.0.1 at 2013-07-24 21:12:02 -0700
Served asset /twitter/bootstrap/bootstrap-typeahead.js - 304 Not Modified (0ms)


Started GET "/assets/twitter/bootstrap/bootstrap-affix.js?body=1" for 127.0.0.1 at 2013-07-24 21:12:02 -0700
Served asset /twitter/bootstrap/bootstrap-affix.js - 304 Not Modified (0ms)


Started GET "/assets/twitter/bootstrap.js?body=1" for 127.0.0.1 at 2013-07-24 21:12:02 -0700
Served asset /twitter/bootstrap.js - 304 Not Modified (0ms)


Started GET "/assets/bootstrap.js?body=1" for 127.0.0.1 at 2013-07-24 21:12:02 -0700
Served asset /bootstrap.js - 304 Not Modified (0ms)


Started GET "/assets/teams.js?body=1" for 127.0.0.1 at 2013-07-24 21:12:02 -0700
Served asset /teams.js - 304 Not Modified (0ms)


Started GET "/assets/application.js?body=1" for 127.0.0.1 at 2013-07-24 21:12:02 -0700
Served asset /application.js - 304 Not Modified (0ms)


Started GET "/assets/favicon.ico" for 127.0.0.1 at 2013-07-24 21:12:02 -0700
Served asset /favicon.ico - 404 Not Found (4ms)

ActionController::RoutingError (No route matches [GET] "/assets/favicon.ico"):
  actionpack (3.2.12) lib/action_dispatch/middleware/debug_exceptions.rb:21:in `call'
  actionpack (3.2.12) lib/action_dispatch/middleware/show_exceptions.rb:56:in `call'
  railties (3.2.12) lib/rails/rack/logger.rb:32:in `call_app'
  railties (3.2.12) lib/rails/rack/logger.rb:16:in `block in call'
  activesupport (3.2.12) lib/active_support/tagged_logging.rb:22:in `tagged'
  railties (3.2.12) lib/rails/rack/logger.rb:16:in `call'
  actionpack (3.2.12) lib/action_dispatch/middleware/request_id.rb:22:in `call'
  rack (1.4.5) lib/rack/methodoverride.rb:21:in `call'
  rack (1.4.5) lib/rack/runtime.rb:17:in `call'
  activesupport (3.2.12) lib/active_support/cache/strategy/local_cache.rb:72:in `call'
  rack (1.4.5) lib/rack/lock.rb:15:in `call'
  actionpack (3.2.12) lib/action_dispatch/middleware/static.rb:62:in `call'
  railties (3.2.12) lib/rails/engine.rb:479:in `call'
  railties (3.2.12) lib/rails/application.rb:223:in `call'
  rack (1.4.5) lib/rack/content_length.rb:14:in `call'
  railties (3.2.12) lib/rails/rack/log_tailer.rb:17:in `call'
  rack (1.4.5) lib/rack/handler/webrick.rb:59:in `service'
  /Users/Humberto/.rvm/rubies/ruby-1.9.3-p362/lib/ruby/1.9.1/webrick/httpserver.rb:138:in `service'
  /Users/Humberto/.rvm/rubies/ruby-1.9.3-p362/lib/ruby/1.9.1/webrick/httpserver.rb:94:in `run'
  /Users/Humberto/.rvm/rubies/ruby-1.9.3-p362/lib/ruby/1.9.1/webrick/server.rb:191:in `block in start_thread'


  Rendered /Users/Humberto/.rvm/gems/ruby-1.9.3-p362@rails3tutorial/gems/actionpack-3.2.12/lib/action_dispatch/middleware/templates/rescues/routing_error.erb within rescues/layout (0.8ms)


Started GET "/assets/favicon.ico" for 127.0.0.1 at 2013-07-24 21:12:02 -0700
Served asset /favicon.ico - 404 Not Found (3ms)

ActionController::RoutingError (No route matches [GET] "/assets/favicon.ico"):
  actionpack (3.2.12) lib/action_dispatch/middleware/debug_exceptions.rb:21:in `call'
  actionpack (3.2.12) lib/action_dispatch/middleware/show_exceptions.rb:56:in `call'
  railties (3.2.12) lib/rails/rack/logger.rb:32:in `call_app'
  railties (3.2.12) lib/rails/rack/logger.rb:16:in `block in call'
  activesupport (3.2.12) lib/active_support/tagged_logging.rb:22:in `tagged'
  railties (3.2.12) lib/rails/rack/logger.rb:16:in `call'
  actionpack (3.2.12) lib/action_dispatch/middleware/request_id.rb:22:in `call'
  rack (1.4.5) lib/rack/methodoverride.rb:21:in `call'
  rack (1.4.5) lib/rack/runtime.rb:17:in `call'
  activesupport (3.2.12) lib/active_support/cache/strategy/local_cache.rb:72:in `call'
  rack (1.4.5) lib/rack/lock.rb:15:in `call'
  actionpack (3.2.12) lib/action_dispatch/middleware/static.rb:62:in `call'
  railties (3.2.12) lib/rails/engine.rb:479:in `call'
  railties (3.2.12) lib/rails/application.rb:223:in `call'
  rack (1.4.5) lib/rack/content_length.rb:14:in `call'
  railties (3.2.12) lib/rails/rack/log_tailer.rb:17:in `call'
  rack (1.4.5) lib/rack/handler/webrick.rb:59:in `service'
  /Users/Humberto/.rvm/rubies/ruby-1.9.3-p362/lib/ruby/1.9.1/webrick/httpserver.rb:138:in `service'
  /Users/Humberto/.rvm/rubies/ruby-1.9.3-p362/lib/ruby/1.9.1/webrick/httpserver.rb:94:in `run'
  /Users/Humberto/.rvm/rubies/ruby-1.9.3-p362/lib/ruby/1.9.1/webrick/server.rb:191:in `block in start_thread'


  Rendered /Users/Humberto/.rvm/gems/ruby-1.9.3-p362@rails3tutorial/gems/actionpack-3.2.12/lib/action_dispatch/middleware/templates/rescues/routing_error.erb within rescues/layout (0.6ms)


Started GET "/teams/new" for 127.0.0.1 at 2013-07-24 21:13:23 -0700
Processing by TeamsController#new as HTML
  Rendered teams/_form.html.haml (18.0ms)
  Rendered teams/new.html.haml within layouts/application (23.2ms)
Completed 200 OK in 33ms (Views: 32.5ms | ActiveRecord: 0.0ms)


Started GET "/assets/application.css?body=1" for 127.0.0.1 at 2013-07-24 21:13:23 -0700
Served asset /application.css - 304 Not Modified (0ms)


Started GET "/assets/twitter-bootstrap-static/fontawesome.css?body=1" for 127.0.0.1 at 2013-07-24 21:13:23 -0700
Served asset /twitter-bootstrap-static/fontawesome.css - 304 Not Modified (0ms)


Started GET "/assets/twitter-bootstrap-static/bootstrap.css?body=1" for 127.0.0.1 at 2013-07-24 21:13:23 -0700
Served asset /twitter-bootstrap-static/bootstrap.css - 304 Not Modified (0ms)


Started GET "/assets/jquery.js?body=1" for 127.0.0.1 at 2013-07-24 21:13:23 -0700
Served asset /jquery.js - 304 Not Modified (0ms)


Started GET "/assets/bootstrap_and_overrides.css?body=1" for 127.0.0.1 at 2013-07-24 21:13:23 -0700
Served asset /bootstrap_and_overrides.css - 304 Not Modified (0ms)


Started GET "/assets/jquery_ujs.js?body=1" for 127.0.0.1 at 2013-07-24 21:13:23 -0700
Served asset /jquery_ujs.js - 304 Not Modified (0ms)


Started GET "/assets/twitter/bootstrap/bootstrap-transition.js?body=1" for 127.0.0.1 at 2013-07-24 21:13:23 -0700
Served asset /twitter/bootstrap/bootstrap-transition.js - 304 Not Modified (0ms)


Started GET "/assets/twitter/bootstrap/bootstrap-alert.js?body=1" for 127.0.0.1 at 2013-07-24 21:13:23 -0700
Served asset /twitter/bootstrap/bootstrap-alert.js - 304 Not Modified (0ms)


Started GET "/assets/twitter/bootstrap/bootstrap-modal.js?body=1" for 127.0.0.1 at 2013-07-24 21:13:23 -0700
Served asset /twitter/bootstrap/bootstrap-modal.js - 304 Not Modified (0ms)


Started GET "/assets/twitter/bootstrap/bootstrap-dropdown.js?body=1" for 127.0.0.1 at 2013-07-24 21:13:23 -0700
Served asset /twitter/bootstrap/bootstrap-dropdown.js - 304 Not Modified (0ms)


Started GET "/assets/twitter/bootstrap/bootstrap-tab.js?body=1" for 127.0.0.1 at 2013-07-24 21:13:23 -0700
Served asset /twitter/bootstrap/bootstrap-tab.js - 304 Not Modified (0ms)


Started GET "/assets/twitter/bootstrap/bootstrap-scrollspy.js?body=1" for 127.0.0.1 at 2013-07-24 21:13:23 -0700
Served asset /twitter/bootstrap/bootstrap-scrollspy.js - 304 Not Modified (0ms)


Started GET "/assets/twitter/bootstrap/bootstrap-tooltip.js?body=1" for 127.0.0.1 at 2013-07-24 21:13:23 -0700
Served asset /twitter/bootstrap/bootstrap-tooltip.js - 304 Not Modified (0ms)


Started GET "/assets/twitter/bootstrap/bootstrap-popover.js?body=1" for 127.0.0.1 at 2013-07-24 21:13:23 -0700
Served asset /twitter/bootstrap/bootstrap-popover.js - 304 Not Modified (0ms)


Started GET "/assets/twitter/bootstrap/bootstrap-button.js?body=1" for 127.0.0.1 at 2013-07-24 21:13:23 -0700
Served asset /twitter/bootstrap/bootstrap-button.js - 304 Not Modified (0ms)


Started GET "/assets/twitter/bootstrap/bootstrap-collapse.js?body=1" for 127.0.0.1 at 2013-07-24 21:13:23 -0700
Served asset /twitter/bootstrap/bootstrap-collapse.js - 304 Not Modified (0ms)


Started GET "/assets/twitter/bootstrap/bootstrap-carousel.js?body=1" for 127.0.0.1 at 2013-07-24 21:13:23 -0700
Served asset /twitter/bootstrap/bootstrap-carousel.js - 304 Not Modified (0ms)


Started GET "/assets/twitter/bootstrap/bootstrap-affix.js?body=1" for 127.0.0.1 at 2013-07-24 21:13:24 -0700
Served asset /twitter/bootstrap/bootstrap-affix.js - 304 Not Modified (0ms)


Started GET "/assets/twitter/bootstrap/bootstrap-typeahead.js?body=1" for 127.0.0.1 at 2013-07-24 21:13:24 -0700
Served asset /twitter/bootstrap/bootstrap-typeahead.js - 304 Not Modified (0ms)


Started GET "/assets/twitter/bootstrap.js?body=1" for 127.0.0.1 at 2013-07-24 21:13:24 -0700
Served asset /twitter/bootstrap.js - 304 Not Modified (0ms)


Started GET "/assets/bootstrap.js?body=1" for 127.0.0.1 at 2013-07-24 21:13:24 -0700
Served asset /bootstrap.js - 304 Not Modified (0ms)


Started GET "/assets/teams.js?body=1" for 127.0.0.1 at 2013-07-24 21:13:24 -0700
Served asset /teams.js - 304 Not Modified (0ms)


Started GET "/assets/application.js?body=1" for 127.0.0.1 at 2013-07-24 21:13:24 -0700
Served asset /application.js - 304 Not Modified (0ms)


Started GET "/assets/favicon.ico" for 127.0.0.1 at 2013-07-24 21:13:24 -0700
Served asset /favicon.ico - 404 Not Found (3ms)

ActionController::RoutingError (No route matches [GET] "/assets/favicon.ico"):
  actionpack (3.2.12) lib/action_dispatch/middleware/debug_exceptions.rb:21:in `call'
  actionpack (3.2.12) lib/action_dispatch/middleware/show_exceptions.rb:56:in `call'
  railties (3.2.12) lib/rails/rack/logger.rb:32:in `call_app'
  railties (3.2.12) lib/rails/rack/logger.rb:16:in `block in call'
  activesupport (3.2.12) lib/active_support/tagged_logging.rb:22:in `tagged'
  railties (3.2.12) lib/rails/rack/logger.rb:16:in `call'
  actionpack (3.2.12) lib/action_dispatch/middleware/request_id.rb:22:in `call'
  rack (1.4.5) lib/rack/methodoverride.rb:21:in `call'
  rack (1.4.5) lib/rack/runtime.rb:17:in `call'
  activesupport (3.2.12) lib/active_support/cache/strategy/local_cache.rb:72:in `call'
  rack (1.4.5) lib/rack/lock.rb:15:in `call'
  actionpack (3.2.12) lib/action_dispatch/middleware/static.rb:62:in `call'
  railties (3.2.12) lib/rails/engine.rb:479:in `call'
  railties (3.2.12) lib/rails/application.rb:223:in `call'
  rack (1.4.5) lib/rack/content_length.rb:14:in `call'
  railties (3.2.12) lib/rails/rack/log_tailer.rb:17:in `call'
  rack (1.4.5) lib/rack/handler/webrick.rb:59:in `service'
  /Users/Humberto/.rvm/rubies/ruby-1.9.3-p362/lib/ruby/1.9.1/webrick/httpserver.rb:138:in `service'
  /Users/Humberto/.rvm/rubies/ruby-1.9.3-p362/lib/ruby/1.9.1/webrick/httpserver.rb:94:in `run'
  /Users/Humberto/.rvm/rubies/ruby-1.9.3-p362/lib/ruby/1.9.1/webrick/server.rb:191:in `block in start_thread'


  Rendered /Users/Humberto/.rvm/gems/ruby-1.9.3-p362@rails3tutorial/gems/actionpack-3.2.12/lib/action_dispatch/middleware/templates/rescues/routing_error.erb within rescues/layout (0.6ms)


Started GET "/assets/favicon.ico" for 127.0.0.1 at 2013-07-24 21:13:24 -0700
Served asset /favicon.ico - 404 Not Found (3ms)

ActionController::RoutingError (No route matches [GET] "/assets/favicon.ico"):
  actionpack (3.2.12) lib/action_dispatch/middleware/debug_exceptions.rb:21:in `call'
  actionpack (3.2.12) lib/action_dispatch/middleware/show_exceptions.rb:56:in `call'
  railties (3.2.12) lib/rails/rack/logger.rb:32:in `call_app'
  railties (3.2.12) lib/rails/rack/logger.rb:16:in `block in call'
  activesupport (3.2.12) lib/active_support/tagged_logging.rb:22:in `tagged'
  railties (3.2.12) lib/rails/rack/logger.rb:16:in `call'
  actionpack (3.2.12) lib/action_dispatch/middleware/request_id.rb:22:in `call'
  rack (1.4.5) lib/rack/methodoverride.rb:21:in `call'
  rack (1.4.5) lib/rack/runtime.rb:17:in `call'
  activesupport (3.2.12) lib/active_support/cache/strategy/local_cache.rb:72:in `call'
  rack (1.4.5) lib/rack/lock.rb:15:in `call'
  actionpack (3.2.12) lib/action_dispatch/middleware/static.rb:62:in `call'
  railties (3.2.12) lib/rails/engine.rb:479:in `call'
  railties (3.2.12) lib/rails/application.rb:223:in `call'
  rack (1.4.5) lib/rack/content_length.rb:14:in `call'
  railties (3.2.12) lib/rails/rack/log_tailer.rb:17:in `call'
  rack (1.4.5) lib/rack/handler/webrick.rb:59:in `service'
  /Users/Humberto/.rvm/rubies/ruby-1.9.3-p362/lib/ruby/1.9.1/webrick/httpserver.rb:138:in `service'
  /Users/Humberto/.rvm/rubies/ruby-1.9.3-p362/lib/ruby/1.9.1/webrick/httpserver.rb:94:in `run'
  /Users/Humberto/.rvm/rubies/ruby-1.9.3-p362/lib/ruby/1.9.1/webrick/server.rb:191:in `block in start_thread'


  Rendered /Users/Humberto/.rvm/gems/ruby-1.9.3-p362@rails3tutorial/gems/actionpack-3.2.12/lib/action_dispatch/middleware/templates/rescues/routing_error.erb within rescues/layout (0.5ms)
Connecting to database specified by database.yml
Connecting to database specified by database.yml
Connecting to database specified by database.yml
PG::UndefinedTable: ERROR:  relation "players" does not exist
LINE 5:              WHERE a.attrelid = '"players"'::regclass
                                        ^
:             SELECT a.attname, format_type(a.atttypid, a.atttypmod),
                     pg_get_expr(d.adbin, d.adrelid), a.attnotnull, a.atttypid, a.atttypmod
              FROM pg_attribute a LEFT JOIN pg_attrdef d
                ON a.attrelid = d.adrelid AND a.attnum = d.adnum
             WHERE a.attrelid = '"players"'::regclass
               AND a.attnum > 0 AND NOT a.attisdropped
             ORDER BY a.attnum

Connecting to database specified by database.yml
  [1m[36m (0.3ms)[0m  [1mSELECT "schema_migrations"."version" FROM "schema_migrations" [0m
Migrating to CreateTeams (20130724005006)
Migrating to CreatePlayers (20130725041830)
  [1m[35m (0.1ms)[0m  BEGIN
  [1m[36m (8.0ms)[0m  [1mCREATE TABLE "players" ("id" serial primary key, "first_name" character varying(255), "last_name" character varying(255), "nickname" character varying(255), "height" decimal, "weight" decimal, "created_at" timestamp NOT NULL, "updated_at" timestamp NOT NULL) [0m
  [1m[35m (0.3ms)[0m  INSERT INTO "schema_migrations" ("version") VALUES ('20130725041830')
  [1m[36m (1.4ms)[0m  [1mCOMMIT[0m
  [1m[35m (0.1ms)[0m  SELECT "schema_migrations"."version" FROM "schema_migrations" 
Connecting to database specified by database.yml


Started GET "/teams/new" for 127.0.0.1 at 2013-07-24 21:19:37 -0700
Processing by TeamsController#new as HTML
  Rendered teams/_form.html.haml (1.8ms)
  Rendered teams/new.html.haml within layouts/application (3.5ms)
Compiled players.css  (43ms)  (pid 1598)
Compiled scaffolds.css  (26ms)  (pid 1598)
Compiled application.css  (84ms)  (pid 1598)
Compiled players.js  (73ms)  (pid 1598)
Compiled application.js  (102ms)  (pid 1598)
Completed 200 OK in 303ms (Views: 295.5ms | ActiveRecord: 2.7ms)


Started GET "/assets/players.css?body=1" for 127.0.0.1 at 2013-07-24 21:19:37 -0700
Served asset /players.css - 200 OK (10ms)


Started GET "/assets/bootstrap_and_overrides.css?body=1" for 127.0.0.1 at 2013-07-24 21:19:37 -0700
Served asset /bootstrap_and_overrides.css - 304 Not Modified (0ms)


Started GET "/assets/application.css?body=1" for 127.0.0.1 at 2013-07-24 21:19:37 -0700
Served asset /application.css - 304 Not Modified (8ms)


Started GET "/assets/jquery.js?body=1" for 127.0.0.1 at 2013-07-24 21:19:37 -0700
Served asset /jquery.js - 304 Not Modified (0ms)


Started GET "/assets/twitter-bootstrap-static/fontawesome.css?body=1" for 127.0.0.1 at 2013-07-24 21:19:37 -0700
Served asset /twitter-bootstrap-static/fontawesome.css - 304 Not Modified (0ms)


Started GET "/assets/twitter-bootstrap-static/bootstrap.css?body=1" for 127.0.0.1 at 2013-07-24 21:19:37 -0700
Served asset /twitter-bootstrap-static/bootstrap.css - 304 Not Modified (0ms)


Started GET "/assets/scaffolds.css?body=1" for 127.0.0.1 at 2013-07-24 21:19:37 -0700
Served asset /scaffolds.css - 200 OK (2ms)


Started GET "/assets/jquery_ujs.js?body=1" for 127.0.0.1 at 2013-07-24 21:19:37 -0700
Served asset /jquery_ujs.js - 304 Not Modified (0ms)


Started GET "/assets/twitter/bootstrap/bootstrap-transition.js?body=1" for 127.0.0.1 at 2013-07-24 21:19:37 -0700
Served asset /twitter/bootstrap/bootstrap-transition.js - 304 Not Modified (0ms)


Started GET "/assets/twitter/bootstrap/bootstrap-alert.js?body=1" for 127.0.0.1 at 2013-07-24 21:19:37 -0700
Served asset /twitter/bootstrap/bootstrap-alert.js - 304 Not Modified (0ms)


Started GET "/assets/twitter/bootstrap/bootstrap-dropdown.js?body=1" for 127.0.0.1 at 2013-07-24 21:19:37 -0700
Served asset /twitter/bootstrap/bootstrap-dropdown.js - 304 Not Modified (0ms)


Started GET "/assets/twitter/bootstrap/bootstrap-modal.js?body=1" for 127.0.0.1 at 2013-07-24 21:19:37 -0700
Served asset /twitter/bootstrap/bootstrap-modal.js - 304 Not Modified (0ms)


Started GET "/assets/twitter/bootstrap/bootstrap-scrollspy.js?body=1" for 127.0.0.1 at 2013-07-24 21:19:37 -0700
Served asset /twitter/bootstrap/bootstrap-scrollspy.js - 304 Not Modified (0ms)


Started GET "/assets/twitter/bootstrap/bootstrap-tab.js?body=1" for 127.0.0.1 at 2013-07-24 21:19:37 -0700
Served asset /twitter/bootstrap/bootstrap-tab.js - 304 Not Modified (0ms)


Started GET "/assets/twitter/bootstrap/bootstrap-tooltip.js?body=1" for 127.0.0.1 at 2013-07-24 21:19:37 -0700
Served asset /twitter/bootstrap/bootstrap-tooltip.js - 304 Not Modified (0ms)


Started GET "/assets/twitter/bootstrap/bootstrap-popover.js?body=1" for 127.0.0.1 at 2013-07-24 21:19:37 -0700
Served asset /twitter/bootstrap/bootstrap-popover.js - 304 Not Modified (0ms)


Started GET "/assets/twitter/bootstrap/bootstrap-button.js?body=1" for 127.0.0.1 at 2013-07-24 21:19:37 -0700
Served asset /twitter/bootstrap/bootstrap-button.js - 304 Not Modified (0ms)


Started GET "/assets/twitter/bootstrap/bootstrap-collapse.js?body=1" for 127.0.0.1 at 2013-07-24 21:19:37 -0700
Served asset /twitter/bootstrap/bootstrap-collapse.js - 304 Not Modified (0ms)


Started GET "/assets/twitter/bootstrap/bootstrap-carousel.js?body=1" for 127.0.0.1 at 2013-07-24 21:19:37 -0700
Served asset /twitter/bootstrap/bootstrap-carousel.js - 304 Not Modified (0ms)


Started GET "/assets/twitter/bootstrap/bootstrap-typeahead.js?body=1" for 127.0.0.1 at 2013-07-24 21:19:37 -0700
Served asset /twitter/bootstrap/bootstrap-typeahead.js - 304 Not Modified (0ms)


Started GET "/assets/players.js?body=1" for 127.0.0.1 at 2013-07-24 21:19:37 -0700
Served asset /players.js - 200 OK (1ms)


Started GET "/assets/twitter/bootstrap/bootstrap-affix.js?body=1" for 127.0.0.1 at 2013-07-24 21:19:37 -0700
Served asset /twitter/bootstrap/bootstrap-affix.js - 304 Not Modified (0ms)


Started GET "/assets/twitter/bootstrap.js?body=1" for 127.0.0.1 at 2013-07-24 21:19:37 -0700
Served asset /twitter/bootstrap.js - 304 Not Modified (0ms)


Started GET "/assets/bootstrap.js?body=1" for 127.0.0.1 at 2013-07-24 21:19:37 -0700
Served asset /bootstrap.js - 304 Not Modified (0ms)


Started GET "/assets/teams.js?body=1" for 127.0.0.1 at 2013-07-24 21:19:37 -0700
Served asset /teams.js - 304 Not Modified (0ms)


Started GET "/assets/application.js?body=1" for 127.0.0.1 at 2013-07-24 21:19:37 -0700
Served asset /application.js - 304 Not Modified (35ms)


Started GET "/assets/favicon.ico" for 127.0.0.1 at 2013-07-24 21:19:37 -0700
Served asset /favicon.ico - 404 Not Found (3ms)

ActionController::RoutingError (No route matches [GET] "/assets/favicon.ico"):
  actionpack (3.2.12) lib/action_dispatch/middleware/debug_exceptions.rb:21:in `call'
  actionpack (3.2.12) lib/action_dispatch/middleware/show_exceptions.rb:56:in `call'
  railties (3.2.12) lib/rails/rack/logger.rb:32:in `call_app'
  railties (3.2.12) lib/rails/rack/logger.rb:16:in `block in call'
  activesupport (3.2.12) lib/active_support/tagged_logging.rb:22:in `tagged'
  railties (3.2.12) lib/rails/rack/logger.rb:16:in `call'
  actionpack (3.2.12) lib/action_dispatch/middleware/request_id.rb:22:in `call'
  rack (1.4.5) lib/rack/methodoverride.rb:21:in `call'
  rack (1.4.5) lib/rack/runtime.rb:17:in `call'
  activesupport (3.2.12) lib/active_support/cache/strategy/local_cache.rb:72:in `call'
  rack (1.4.5) lib/rack/lock.rb:15:in `call'
  actionpack (3.2.12) lib/action_dispatch/middleware/static.rb:62:in `call'
  railties (3.2.12) lib/rails/engine.rb:479:in `call'
  railties (3.2.12) lib/rails/application.rb:223:in `call'
  rack (1.4.5) lib/rack/content_length.rb:14:in `call'
  railties (3.2.12) lib/rails/rack/log_tailer.rb:17:in `call'
  rack (1.4.5) lib/rack/handler/webrick.rb:59:in `service'
  /Users/Humberto/.rvm/rubies/ruby-1.9.3-p362/lib/ruby/1.9.1/webrick/httpserver.rb:138:in `service'
  /Users/Humberto/.rvm/rubies/ruby-1.9.3-p362/lib/ruby/1.9.1/webrick/httpserver.rb:94:in `run'
  /Users/Humberto/.rvm/rubies/ruby-1.9.3-p362/lib/ruby/1.9.1/webrick/server.rb:191:in `block in start_thread'


  Rendered /Users/Humberto/.rvm/gems/ruby-1.9.3-p362@rails3tutorial/gems/actionpack-3.2.12/lib/action_dispatch/middleware/templates/rescues/routing_error.erb within rescues/layout (1.2ms)


Started GET "/assets/favicon.ico" for 127.0.0.1 at 2013-07-24 21:19:37 -0700
Served asset /favicon.ico - 404 Not Found (3ms)

ActionController::RoutingError (No route matches [GET] "/assets/favicon.ico"):
  actionpack (3.2.12) lib/action_dispatch/middleware/debug_exceptions.rb:21:in `call'
  actionpack (3.2.12) lib/action_dispatch/middleware/show_exceptions.rb:56:in `call'
  railties (3.2.12) lib/rails/rack/logger.rb:32:in `call_app'
  railties (3.2.12) lib/rails/rack/logger.rb:16:in `block in call'
  activesupport (3.2.12) lib/active_support/tagged_logging.rb:22:in `tagged'
  railties (3.2.12) lib/rails/rack/logger.rb:16:in `call'
  actionpack (3.2.12) lib/action_dispatch/middleware/request_id.rb:22:in `call'
  rack (1.4.5) lib/rack/methodoverride.rb:21:in `call'
  rack (1.4.5) lib/rack/runtime.rb:17:in `call'
  activesupport (3.2.12) lib/active_support/cache/strategy/local_cache.rb:72:in `call'
  rack (1.4.5) lib/rack/lock.rb:15:in `call'
  actionpack (3.2.12) lib/action_dispatch/middleware/static.rb:62:in `call'
  railties (3.2.12) lib/rails/engine.rb:479:in `call'
  railties (3.2.12) lib/rails/application.rb:223:in `call'
  rack (1.4.5) lib/rack/content_length.rb:14:in `call'
  railties (3.2.12) lib/rails/rack/log_tailer.rb:17:in `call'
  rack (1.4.5) lib/rack/handler/webrick.rb:59:in `service'
  /Users/Humberto/.rvm/rubies/ruby-1.9.3-p362/lib/ruby/1.9.1/webrick/httpserver.rb:138:in `service'
  /Users/Humberto/.rvm/rubies/ruby-1.9.3-p362/lib/ruby/1.9.1/webrick/httpserver.rb:94:in `run'
  /Users/Humberto/.rvm/rubies/ruby-1.9.3-p362/lib/ruby/1.9.1/webrick/server.rb:191:in `block in start_thread'


  Rendered /Users/Humberto/.rvm/gems/ruby-1.9.3-p362@rails3tutorial/gems/actionpack-3.2.12/lib/action_dispatch/middleware/templates/rescues/routing_error.erb within rescues/layout (0.5ms)


Started GET "/players" for 127.0.0.1 at 2013-07-24 21:19:44 -0700
Processing by PlayersController#index as HTML
  [1m[36mPlayer Load (0.5ms)[0m  [1mSELECT "players".* FROM "players" [0m
  Rendered players/index.html.haml within layouts/application (7.2ms)
Completed 200 OK in 24ms (Views: 19.0ms | ActiveRecord: 3.2ms)


Started GET "/assets/application.css?body=1" for 127.0.0.1 at 2013-07-24 21:19:44 -0700
Served asset /application.css - 304 Not Modified (0ms)


Started GET "/assets/twitter-bootstrap-static/bootstrap.css?body=1" for 127.0.0.1 at 2013-07-24 21:19:44 -0700
Served asset /twitter-bootstrap-static/bootstrap.css - 304 Not Modified (0ms)


Started GET "/assets/players.css?body=1" for 127.0.0.1 at 2013-07-24 21:19:44 -0700
Served asset /players.css - 304 Not Modified (0ms)


Started GET "/assets/bootstrap_and_overrides.css?body=1" for 127.0.0.1 at 2013-07-24 21:19:44 -0700
Served asset /bootstrap_and_overrides.css - 304 Not Modified (0ms)


Started GET "/assets/scaffolds.css?body=1" for 127.0.0.1 at 2013-07-24 21:19:44 -0700
Served asset /scaffolds.css - 304 Not Modified (0ms)


Started GET "/assets/twitter-bootstrap-static/fontawesome.css?body=1" for 127.0.0.1 at 2013-07-24 21:19:44 -0700
Served asset /twitter-bootstrap-static/fontawesome.css - 304 Not Modified (0ms)


Started GET "/assets/jquery.js?body=1" for 127.0.0.1 at 2013-07-24 21:19:44 -0700
Served asset /jquery.js - 304 Not Modified (0ms)


Started GET "/assets/jquery_ujs.js?body=1" for 127.0.0.1 at 2013-07-24 21:19:44 -0700
Served asset /jquery_ujs.js - 304 Not Modified (0ms)


Started GET "/assets/twitter/bootstrap/bootstrap-transition.js?body=1" for 127.0.0.1 at 2013-07-24 21:19:44 -0700
Served asset /twitter/bootstrap/bootstrap-transition.js - 304 Not Modified (0ms)


Started GET "/assets/twitter/bootstrap/bootstrap-alert.js?body=1" for 127.0.0.1 at 2013-07-24 21:19:45 -0700
Served asset /twitter/bootstrap/bootstrap-alert.js - 304 Not Modified (0ms)


Started GET "/assets/twitter/bootstrap/bootstrap-modal.js?body=1" for 127.0.0.1 at 2013-07-24 21:19:45 -0700
Served asset /twitter/bootstrap/bootstrap-modal.js - 304 Not Modified (0ms)


Started GET "/assets/twitter/bootstrap/bootstrap-tooltip.js?body=1" for 127.0.0.1 at 2013-07-24 21:19:45 -0700
Served asset /twitter/bootstrap/bootstrap-tooltip.js - 304 Not Modified (0ms)


Started GET "/assets/twitter/bootstrap/bootstrap-dropdown.js?body=1" for 127.0.0.1 at 2013-07-24 21:19:45 -0700
Served asset /twitter/bootstrap/bootstrap-dropdown.js - 304 Not Modified (0ms)


Started GET "/assets/twitter/bootstrap/bootstrap-scrollspy.js?body=1" for 127.0.0.1 at 2013-07-24 21:19:45 -0700
Served asset /twitter/bootstrap/bootstrap-scrollspy.js - 304 Not Modified (0ms)


Started GET "/assets/twitter/bootstrap/bootstrap-tab.js?body=1" for 127.0.0.1 at 2013-07-24 21:19:45 -0700
Served asset /twitter/bootstrap/bootstrap-tab.js - 304 Not Modified (0ms)


Started GET "/assets/twitter/bootstrap/bootstrap-popover.js?body=1" for 127.0.0.1 at 2013-07-24 21:19:45 -0700
Served asset /twitter/bootstrap/bootstrap-popover.js - 304 Not Modified (0ms)


Started GET "/assets/twitter/bootstrap/bootstrap-button.js?body=1" for 127.0.0.1 at 2013-07-24 21:19:45 -0700
Served asset /twitter/bootstrap/bootstrap-button.js - 304 Not Modified (0ms)


Started GET "/assets/twitter/bootstrap/bootstrap-carousel.js?body=1" for 127.0.0.1 at 2013-07-24 21:19:45 -0700
Served asset /twitter/bootstrap/bootstrap-carousel.js - 304 Not Modified (0ms)


Started GET "/assets/twitter/bootstrap/bootstrap-typeahead.js?body=1" for 127.0.0.1 at 2013-07-24 21:19:45 -0700
Served asset /twitter/bootstrap/bootstrap-typeahead.js - 304 Not Modified (0ms)


Started GET "/assets/twitter/bootstrap/bootstrap-collapse.js?body=1" for 127.0.0.1 at 2013-07-24 21:19:45 -0700
Served asset /twitter/bootstrap/bootstrap-collapse.js - 304 Not Modified (0ms)


Started GET "/assets/twitter/bootstrap/bootstrap-affix.js?body=1" for 127.0.0.1 at 2013-07-24 21:19:45 -0700
Served asset /twitter/bootstrap/bootstrap-affix.js - 304 Not Modified (0ms)


Started GET "/assets/twitter/bootstrap.js?body=1" for 127.0.0.1 at 2013-07-24 21:19:45 -0700
Served asset /twitter/bootstrap.js - 304 Not Modified (0ms)


Started GET "/assets/bootstrap.js?body=1" for 127.0.0.1 at 2013-07-24 21:19:45 -0700
Served asset /bootstrap.js - 304 Not Modified (0ms)


Started GET "/assets/players.js?body=1" for 127.0.0.1 at 2013-07-24 21:19:45 -0700
Served asset /players.js - 304 Not Modified (0ms)


Started GET "/assets/teams.js?body=1" for 127.0.0.1 at 2013-07-24 21:19:45 -0700
Served asset /teams.js - 304 Not Modified (0ms)


Started GET "/assets/application.js?body=1" for 127.0.0.1 at 2013-07-24 21:19:45 -0700
Served asset /application.js - 304 Not Modified (0ms)


Started GET "/assets/favicon.ico" for 127.0.0.1 at 2013-07-24 21:19:45 -0700
Served asset /favicon.ico - 404 Not Found (3ms)

ActionController::RoutingError (No route matches [GET] "/assets/favicon.ico"):
  actionpack (3.2.12) lib/action_dispatch/middleware/debug_exceptions.rb:21:in `call'
  actionpack (3.2.12) lib/action_dispatch/middleware/show_exceptions.rb:56:in `call'
  railties (3.2.12) lib/rails/rack/logger.rb:32:in `call_app'
  railties (3.2.12) lib/rails/rack/logger.rb:16:in `block in call'
  activesupport (3.2.12) lib/active_support/tagged_logging.rb:22:in `tagged'
  railties (3.2.12) lib/rails/rack/logger.rb:16:in `call'
  actionpack (3.2.12) lib/action_dispatch/middleware/request_id.rb:22:in `call'
  rack (1.4.5) lib/rack/methodoverride.rb:21:in `call'
  rack (1.4.5) lib/rack/runtime.rb:17:in `call'
  activesupport (3.2.12) lib/active_support/cache/strategy/local_cache.rb:72:in `call'
  rack (1.4.5) lib/rack/lock.rb:15:in `call'
  actionpack (3.2.12) lib/action_dispatch/middleware/static.rb:62:in `call'
  railties (3.2.12) lib/rails/engine.rb:479:in `call'
  railties (3.2.12) lib/rails/application.rb:223:in `call'
  rack (1.4.5) lib/rack/content_length.rb:14:in `call'
  railties (3.2.12) lib/rails/rack/log_tailer.rb:17:in `call'
  rack (1.4.5) lib/rack/handler/webrick.rb:59:in `service'
  /Users/Humberto/.rvm/rubies/ruby-1.9.3-p362/lib/ruby/1.9.1/webrick/httpserver.rb:138:in `service'
  /Users/Humberto/.rvm/rubies/ruby-1.9.3-p362/lib/ruby/1.9.1/webrick/httpserver.rb:94:in `run'
  /Users/Humberto/.rvm/rubies/ruby-1.9.3-p362/lib/ruby/1.9.1/webrick/server.rb:191:in `block in start_thread'


  Rendered /Users/Humberto/.rvm/gems/ruby-1.9.3-p362@rails3tutorial/gems/actionpack-3.2.12/lib/action_dispatch/middleware/templates/rescues/routing_error.erb within rescues/layout (0.6ms)


Started GET "/assets/favicon.ico" for 127.0.0.1 at 2013-07-24 21:19:45 -0700
Served asset /favicon.ico - 404 Not Found (3ms)

ActionController::RoutingError (No route matches [GET] "/assets/favicon.ico"):
  actionpack (3.2.12) lib/action_dispatch/middleware/debug_exceptions.rb:21:in `call'
  actionpack (3.2.12) lib/action_dispatch/middleware/show_exceptions.rb:56:in `call'
  railties (3.2.12) lib/rails/rack/logger.rb:32:in `call_app'
  railties (3.2.12) lib/rails/rack/logger.rb:16:in `block in call'
  activesupport (3.2.12) lib/active_support/tagged_logging.rb:22:in `tagged'
  railties (3.2.12) lib/rails/rack/logger.rb:16:in `call'
  actionpack (3.2.12) lib/action_dispatch/middleware/request_id.rb:22:in `call'
  rack (1.4.5) lib/rack/methodoverride.rb:21:in `call'
  rack (1.4.5) lib/rack/runtime.rb:17:in `call'
  activesupport (3.2.12) lib/active_support/cache/strategy/local_cache.rb:72:in `call'
  rack (1.4.5) lib/rack/lock.rb:15:in `call'
  actionpack (3.2.12) lib/action_dispatch/middleware/static.rb:62:in `call'
  railties (3.2.12) lib/rails/engine.rb:479:in `call'
  railties (3.2.12) lib/rails/application.rb:223:in `call'
  rack (1.4.5) lib/rack/content_length.rb:14:in `call'
  railties (3.2.12) lib/rails/rack/log_tailer.rb:17:in `call'
  rack (1.4.5) lib/rack/handler/webrick.rb:59:in `service'
  /Users/Humberto/.rvm/rubies/ruby-1.9.3-p362/lib/ruby/1.9.1/webrick/httpserver.rb:138:in `service'
  /Users/Humberto/.rvm/rubies/ruby-1.9.3-p362/lib/ruby/1.9.1/webrick/httpserver.rb:94:in `run'
  /Users/Humberto/.rvm/rubies/ruby-1.9.3-p362/lib/ruby/1.9.1/webrick/server.rb:191:in `block in start_thread'


  Rendered /Users/Humberto/.rvm/gems/ruby-1.9.3-p362@rails3tutorial/gems/actionpack-3.2.12/lib/action_dispatch/middleware/templates/rescues/routing_error.erb within rescues/layout (0.6ms)
Connecting to database specified by database.yml
  [1m[36m (0.3ms)[0m  [1mSELECT "schema_migrations"."version" FROM "schema_migrations" [0m
  [1m[35m (0.1ms)[0m  SELECT "schema_migrations"."version" FROM "schema_migrations" 
Migrating to CreatePlayers (20130725041830)
  [1m[36m (0.1ms)[0m  [1mBEGIN[0m
  [1m[35m (1.8ms)[0m  DROP TABLE "players"
  [1m[36m (0.6ms)[0m  [1mDELETE FROM "schema_migrations" WHERE "schema_migrations"."version" = '20130725041830'[0m
  [1m[35m (1.0ms)[0m  COMMIT
  [1m[36m (0.2ms)[0m  [1mSELECT "schema_migrations"."version" FROM "schema_migrations" [0m
Connecting to database specified by database.yml
  [1m[36m (0.3ms)[0m  [1mSELECT "schema_migrations"."version" FROM "schema_migrations" [0m
Migrating to CreateTeams (20130724005006)
Migrating to CreatePlayers (20130725041830)
  [1m[35m (0.1ms)[0m  BEGIN
  [1m[36m (6.8ms)[0m  [1mCREATE TABLE "players" ("id" serial primary key, "first_name" character varying(255), "last_name" character varying(255), "nickname" character varying(255), "height" decimal, "weight" decimal, "team_id" integer, "created_at" timestamp NOT NULL, "updated_at" timestamp NOT NULL) [0m
  [1m[35m (0.3ms)[0m  INSERT INTO "schema_migrations" ("version") VALUES ('20130725041830')
  [1m[36m (2.7ms)[0m  [1mCOMMIT[0m
  [1m[35m (0.2ms)[0m  SELECT "schema_migrations"."version" FROM "schema_migrations" 
Connecting to database specified by database.yml


Started GET "/players" for 127.0.0.1 at 2013-07-24 21:22:40 -0700
Processing by PlayersController#index as HTML
  [1m[35mPlayer Load (0.3ms)[0m  SELECT "players".* FROM "players" 
  Rendered players/index.html.haml within layouts/application (6.6ms)
Completed 200 OK in 24ms (Views: 17.6ms | ActiveRecord: 4.0ms)


Started GET "/assets/application.css?body=1" for 127.0.0.1 at 2013-07-24 21:22:40 -0700
Served asset /application.css - 304 Not Modified (0ms)


Started GET "/assets/bootstrap_and_overrides.css?body=1" for 127.0.0.1 at 2013-07-24 21:22:40 -0700
Served asset /bootstrap_and_overrides.css - 304 Not Modified (0ms)


Started GET "/assets/players.css?body=1" for 127.0.0.1 at 2013-07-24 21:22:40 -0700
Served asset /players.css - 304 Not Modified (0ms)


Started GET "/assets/twitter-bootstrap-static/fontawesome.css?body=1" for 127.0.0.1 at 2013-07-24 21:22:40 -0700
Served asset /twitter-bootstrap-static/fontawesome.css - 304 Not Modified (0ms)


Started GET "/assets/twitter-bootstrap-static/bootstrap.css?body=1" for 127.0.0.1 at 2013-07-24 21:22:40 -0700
Served asset /twitter-bootstrap-static/bootstrap.css - 304 Not Modified (0ms)


Started GET "/assets/scaffolds.css?body=1" for 127.0.0.1 at 2013-07-24 21:22:40 -0700
Served asset /scaffolds.css - 304 Not Modified (0ms)


Started GET "/assets/jquery.js?body=1" for 127.0.0.1 at 2013-07-24 21:22:40 -0700
Served asset /jquery.js - 304 Not Modified (0ms)


Started GET "/assets/jquery_ujs.js?body=1" for 127.0.0.1 at 2013-07-24 21:22:40 -0700
Served asset /jquery_ujs.js - 304 Not Modified (0ms)


Started GET "/assets/twitter/bootstrap/bootstrap-transition.js?body=1" for 127.0.0.1 at 2013-07-24 21:22:40 -0700
Served asset /twitter/bootstrap/bootstrap-transition.js - 304 Not Modified (0ms)


Started GET "/assets/twitter/bootstrap/bootstrap-alert.js?body=1" for 127.0.0.1 at 2013-07-24 21:22:40 -0700
Served asset /twitter/bootstrap/bootstrap-alert.js - 304 Not Modified (0ms)


Started GET "/assets/twitter/bootstrap/bootstrap-modal.js?body=1" for 127.0.0.1 at 2013-07-24 21:22:40 -0700
Served asset /twitter/bootstrap/bootstrap-modal.js - 304 Not Modified (0ms)


Started GET "/assets/twitter/bootstrap/bootstrap-dropdown.js?body=1" for 127.0.0.1 at 2013-07-24 21:22:40 -0700
Served asset /twitter/bootstrap/bootstrap-dropdown.js - 304 Not Modified (0ms)


Started GET "/assets/twitter/bootstrap/bootstrap-scrollspy.js?body=1" for 127.0.0.1 at 2013-07-24 21:22:40 -0700
Served asset /twitter/bootstrap/bootstrap-scrollspy.js - 304 Not Modified (0ms)


Started GET "/assets/twitter/bootstrap/bootstrap-tab.js?body=1" for 127.0.0.1 at 2013-07-24 21:22:40 -0700
Served asset /twitter/bootstrap/bootstrap-tab.js - 304 Not Modified (0ms)


Started GET "/assets/twitter/bootstrap/bootstrap-tooltip.js?body=1" for 127.0.0.1 at 2013-07-24 21:22:40 -0700
Served asset /twitter/bootstrap/bootstrap-tooltip.js - 304 Not Modified (0ms)


Started GET "/assets/twitter/bootstrap/bootstrap-popover.js?body=1" for 127.0.0.1 at 2013-07-24 21:22:40 -0700
Served asset /twitter/bootstrap/bootstrap-popover.js - 304 Not Modified (0ms)


Started GET "/assets/twitter/bootstrap/bootstrap-collapse.js?body=1" for 127.0.0.1 at 2013-07-24 21:22:40 -0700
Served asset /twitter/bootstrap/bootstrap-collapse.js - 304 Not Modified (0ms)


Started GET "/assets/twitter/bootstrap/bootstrap-button.js?body=1" for 127.0.0.1 at 2013-07-24 21:22:40 -0700
Served asset /twitter/bootstrap/bootstrap-button.js - 304 Not Modified (0ms)


Started GET "/assets/twitter/bootstrap/bootstrap-typeahead.js?body=1" for 127.0.0.1 at 2013-07-24 21:22:40 -0700
Served asset /twitter/bootstrap/bootstrap-typeahead.js - 304 Not Modified (0ms)


Started GET "/assets/twitter/bootstrap/bootstrap-carousel.js?body=1" for 127.0.0.1 at 2013-07-24 21:22:40 -0700
Served asset /twitter/bootstrap/bootstrap-carousel.js - 304 Not Modified (0ms)


Started GET "/assets/twitter/bootstrap/bootstrap-affix.js?body=1" for 127.0.0.1 at 2013-07-24 21:22:40 -0700
Served asset /twitter/bootstrap/bootstrap-affix.js - 304 Not Modified (0ms)


Started GET "/assets/twitter/bootstrap.js?body=1" for 127.0.0.1 at 2013-07-24 21:22:40 -0700
Served asset /twitter/bootstrap.js - 304 Not Modified (0ms)


Started GET "/assets/bootstrap.js?body=1" for 127.0.0.1 at 2013-07-24 21:22:40 -0700
Served asset /bootstrap.js - 304 Not Modified (0ms)


Started GET "/assets/players.js?body=1" for 127.0.0.1 at 2013-07-24 21:22:40 -0700
Served asset /players.js - 304 Not Modified (0ms)


Started GET "/assets/application.js?body=1" for 127.0.0.1 at 2013-07-24 21:22:40 -0700
Served asset /application.js - 304 Not Modified (0ms)


Started GET "/assets/teams.js?body=1" for 127.0.0.1 at 2013-07-24 21:22:40 -0700
Served asset /teams.js - 304 Not Modified (0ms)


Started GET "/assets/favicon.ico" for 127.0.0.1 at 2013-07-24 21:22:40 -0700
Served asset /favicon.ico - 404 Not Found (3ms)

ActionController::RoutingError (No route matches [GET] "/assets/favicon.ico"):
  actionpack (3.2.12) lib/action_dispatch/middleware/debug_exceptions.rb:21:in `call'
  actionpack (3.2.12) lib/action_dispatch/middleware/show_exceptions.rb:56:in `call'
  railties (3.2.12) lib/rails/rack/logger.rb:32:in `call_app'
  railties (3.2.12) lib/rails/rack/logger.rb:16:in `block in call'
  activesupport (3.2.12) lib/active_support/tagged_logging.rb:22:in `tagged'
  railties (3.2.12) lib/rails/rack/logger.rb:16:in `call'
  actionpack (3.2.12) lib/action_dispatch/middleware/request_id.rb:22:in `call'
  rack (1.4.5) lib/rack/methodoverride.rb:21:in `call'
  rack (1.4.5) lib/rack/runtime.rb:17:in `call'
  activesupport (3.2.12) lib/active_support/cache/strategy/local_cache.rb:72:in `call'
  rack (1.4.5) lib/rack/lock.rb:15:in `call'
  actionpack (3.2.12) lib/action_dispatch/middleware/static.rb:62:in `call'
  railties (3.2.12) lib/rails/engine.rb:479:in `call'
  railties (3.2.12) lib/rails/application.rb:223:in `call'
  rack (1.4.5) lib/rack/content_length.rb:14:in `call'
  railties (3.2.12) lib/rails/rack/log_tailer.rb:17:in `call'
  rack (1.4.5) lib/rack/handler/webrick.rb:59:in `service'
  /Users/Humberto/.rvm/rubies/ruby-1.9.3-p362/lib/ruby/1.9.1/webrick/httpserver.rb:138:in `service'
  /Users/Humberto/.rvm/rubies/ruby-1.9.3-p362/lib/ruby/1.9.1/webrick/httpserver.rb:94:in `run'
  /Users/Humberto/.rvm/rubies/ruby-1.9.3-p362/lib/ruby/1.9.1/webrick/server.rb:191:in `block in start_thread'


  Rendered /Users/Humberto/.rvm/gems/ruby-1.9.3-p362@rails3tutorial/gems/actionpack-3.2.12/lib/action_dispatch/middleware/templates/rescues/routing_error.erb within rescues/layout (17.0ms)


Started GET "/assets/favicon.ico" for 127.0.0.1 at 2013-07-24 21:22:40 -0700
Served asset /favicon.ico - 404 Not Found (3ms)

ActionController::RoutingError (No route matches [GET] "/assets/favicon.ico"):
  actionpack (3.2.12) lib/action_dispatch/middleware/debug_exceptions.rb:21:in `call'
  actionpack (3.2.12) lib/action_dispatch/middleware/show_exceptions.rb:56:in `call'
  railties (3.2.12) lib/rails/rack/logger.rb:32:in `call_app'
  railties (3.2.12) lib/rails/rack/logger.rb:16:in `block in call'
  activesupport (3.2.12) lib/active_support/tagged_logging.rb:22:in `tagged'
  railties (3.2.12) lib/rails/rack/logger.rb:16:in `call'
  actionpack (3.2.12) lib/action_dispatch/middleware/request_id.rb:22:in `call'
  rack (1.4.5) lib/rack/methodoverride.rb:21:in `call'
  rack (1.4.5) lib/rack/runtime.rb:17:in `call'
  activesupport (3.2.12) lib/active_support/cache/strategy/local_cache.rb:72:in `call'
  rack (1.4.5) lib/rack/lock.rb:15:in `call'
  actionpack (3.2.12) lib/action_dispatch/middleware/static.rb:62:in `call'
  railties (3.2.12) lib/rails/engine.rb:479:in `call'
  railties (3.2.12) lib/rails/application.rb:223:in `call'
  rack (1.4.5) lib/rack/content_length.rb:14:in `call'
  railties (3.2.12) lib/rails/rack/log_tailer.rb:17:in `call'
  rack (1.4.5) lib/rack/handler/webrick.rb:59:in `service'
  /Users/Humberto/.rvm/rubies/ruby-1.9.3-p362/lib/ruby/1.9.1/webrick/httpserver.rb:138:in `service'
  /Users/Humberto/.rvm/rubies/ruby-1.9.3-p362/lib/ruby/1.9.1/webrick/httpserver.rb:94:in `run'
  /Users/Humberto/.rvm/rubies/ruby-1.9.3-p362/lib/ruby/1.9.1/webrick/server.rb:191:in `block in start_thread'


  Rendered /Users/Humberto/.rvm/gems/ruby-1.9.3-p362@rails3tutorial/gems/actionpack-3.2.12/lib/action_dispatch/middleware/templates/rescues/routing_error.erb within rescues/layout (0.6ms)


Started GET "/players/new" for 127.0.0.1 at 2013-07-24 21:22:43 -0700
Processing by PlayersController#new as HTML
  Rendered players/_form.html.haml (8.2ms)
  Rendered players/new.html.haml within layouts/application (10.6ms)
Completed 200 OK in 29ms (Views: 21.3ms | ActiveRecord: 0.0ms)


Started GET "/assets/application.css?body=1" for 127.0.0.1 at 2013-07-24 21:22:43 -0700
Served asset /application.css - 304 Not Modified (0ms)


Started GET "/assets/twitter-bootstrap-static/bootstrap.css?body=1" for 127.0.0.1 at 2013-07-24 21:22:43 -0700
Served asset /twitter-bootstrap-static/bootstrap.css - 304 Not Modified (0ms)


Started GET "/assets/twitter-bootstrap-static/fontawesome.css?body=1" for 127.0.0.1 at 2013-07-24 21:22:43 -0700
Served asset /twitter-bootstrap-static/fontawesome.css - 304 Not Modified (0ms)


Started GET "/assets/scaffolds.css?body=1" for 127.0.0.1 at 2013-07-24 21:22:43 -0700
Served asset /scaffolds.css - 304 Not Modified (0ms)


Started GET "/assets/players.css?body=1" for 127.0.0.1 at 2013-07-24 21:22:43 -0700
Served asset /players.css - 304 Not Modified (0ms)


Started GET "/assets/bootstrap_and_overrides.css?body=1" for 127.0.0.1 at 2013-07-24 21:22:43 -0700
Served asset /bootstrap_and_overrides.css - 304 Not Modified (0ms)


Started GET "/assets/jquery.js?body=1" for 127.0.0.1 at 2013-07-24 21:22:43 -0700
Served asset /jquery.js - 304 Not Modified (0ms)


Started GET "/assets/jquery_ujs.js?body=1" for 127.0.0.1 at 2013-07-24 21:22:43 -0700
Served asset /jquery_ujs.js - 304 Not Modified (0ms)


Started GET "/assets/twitter/bootstrap/bootstrap-transition.js?body=1" for 127.0.0.1 at 2013-07-24 21:22:43 -0700
Served asset /twitter/bootstrap/bootstrap-transition.js - 304 Not Modified (0ms)


Started GET "/assets/twitter/bootstrap/bootstrap-alert.js?body=1" for 127.0.0.1 at 2013-07-24 21:22:43 -0700
Served asset /twitter/bootstrap/bootstrap-alert.js - 304 Not Modified (0ms)


Started GET "/assets/twitter/bootstrap/bootstrap-modal.js?body=1" for 127.0.0.1 at 2013-07-24 21:22:43 -0700
Served asset /twitter/bootstrap/bootstrap-modal.js - 304 Not Modified (0ms)


Started GET "/assets/twitter/bootstrap/bootstrap-dropdown.js?body=1" for 127.0.0.1 at 2013-07-24 21:22:43 -0700
Served asset /twitter/bootstrap/bootstrap-dropdown.js - 304 Not Modified (0ms)


Started GET "/assets/twitter/bootstrap/bootstrap-scrollspy.js?body=1" for 127.0.0.1 at 2013-07-24 21:22:43 -0700
Served asset /twitter/bootstrap/bootstrap-scrollspy.js - 304 Not Modified (0ms)


Started GET "/assets/twitter/bootstrap/bootstrap-tab.js?body=1" for 127.0.0.1 at 2013-07-24 21:22:43 -0700
Served asset /twitter/bootstrap/bootstrap-tab.js - 304 Not Modified (0ms)


Started GET "/assets/twitter/bootstrap/bootstrap-tooltip.js?body=1" for 127.0.0.1 at 2013-07-24 21:22:43 -0700
Served asset /twitter/bootstrap/bootstrap-tooltip.js - 304 Not Modified (0ms)


Started GET "/assets/twitter/bootstrap/bootstrap-popover.js?body=1" for 127.0.0.1 at 2013-07-24 21:22:43 -0700
Served asset /twitter/bootstrap/bootstrap-popover.js - 304 Not Modified (0ms)


Started GET "/assets/twitter/bootstrap/bootstrap-button.js?body=1" for 127.0.0.1 at 2013-07-24 21:22:43 -0700
Served asset /twitter/bootstrap/bootstrap-button.js - 304 Not Modified (0ms)


Started GET "/assets/twitter/bootstrap/bootstrap-collapse.js?body=1" for 127.0.0.1 at 2013-07-24 21:22:43 -0700
Served asset /twitter/bootstrap/bootstrap-collapse.js - 304 Not Modified (0ms)


Started GET "/assets/twitter/bootstrap/bootstrap-carousel.js?body=1" for 127.0.0.1 at 2013-07-24 21:22:43 -0700
Served asset /twitter/bootstrap/bootstrap-carousel.js - 304 Not Modified (0ms)


Started GET "/assets/twitter/bootstrap/bootstrap-typeahead.js?body=1" for 127.0.0.1 at 2013-07-24 21:22:43 -0700
Served asset /twitter/bootstrap/bootstrap-typeahead.js - 304 Not Modified (0ms)


Started GET "/assets/twitter/bootstrap/bootstrap-affix.js?body=1" for 127.0.0.1 at 2013-07-24 21:22:43 -0700
Served asset /twitter/bootstrap/bootstrap-affix.js - 304 Not Modified (0ms)


Started GET "/assets/twitter/bootstrap.js?body=1" for 127.0.0.1 at 2013-07-24 21:22:43 -0700
Served asset /twitter/bootstrap.js - 304 Not Modified (0ms)


Started GET "/assets/bootstrap.js?body=1" for 127.0.0.1 at 2013-07-24 21:22:43 -0700
Served asset /bootstrap.js - 304 Not Modified (0ms)


Started GET "/assets/players.js?body=1" for 127.0.0.1 at 2013-07-24 21:22:43 -0700
Served asset /players.js - 304 Not Modified (0ms)


Started GET "/assets/teams.js?body=1" for 127.0.0.1 at 2013-07-24 21:22:43 -0700
Served asset /teams.js - 304 Not Modified (0ms)


Started GET "/assets/application.js?body=1" for 127.0.0.1 at 2013-07-24 21:22:43 -0700
Served asset /application.js - 304 Not Modified (0ms)


Started GET "/assets/favicon.ico" for 127.0.0.1 at 2013-07-24 21:22:43 -0700
Served asset /favicon.ico - 404 Not Found (3ms)

ActionController::RoutingError (No route matches [GET] "/assets/favicon.ico"):
  actionpack (3.2.12) lib/action_dispatch/middleware/debug_exceptions.rb:21:in `call'
  actionpack (3.2.12) lib/action_dispatch/middleware/show_exceptions.rb:56:in `call'
  railties (3.2.12) lib/rails/rack/logger.rb:32:in `call_app'
  railties (3.2.12) lib/rails/rack/logger.rb:16:in `block in call'
  activesupport (3.2.12) lib/active_support/tagged_logging.rb:22:in `tagged'
  railties (3.2.12) lib/rails/rack/logger.rb:16:in `call'
  actionpack (3.2.12) lib/action_dispatch/middleware/request_id.rb:22:in `call'
  rack (1.4.5) lib/rack/methodoverride.rb:21:in `call'
  rack (1.4.5) lib/rack/runtime.rb:17:in `call'
  activesupport (3.2.12) lib/active_support/cache/strategy/local_cache.rb:72:in `call'
  rack (1.4.5) lib/rack/lock.rb:15:in `call'
  actionpack (3.2.12) lib/action_dispatch/middleware/static.rb:62:in `call'
  railties (3.2.12) lib/rails/engine.rb:479:in `call'
  railties (3.2.12) lib/rails/application.rb:223:in `call'
  rack (1.4.5) lib/rack/content_length.rb:14:in `call'
  railties (3.2.12) lib/rails/rack/log_tailer.rb:17:in `call'
  rack (1.4.5) lib/rack/handler/webrick.rb:59:in `service'
  /Users/Humberto/.rvm/rubies/ruby-1.9.3-p362/lib/ruby/1.9.1/webrick/httpserver.rb:138:in `service'
  /Users/Humberto/.rvm/rubies/ruby-1.9.3-p362/lib/ruby/1.9.1/webrick/httpserver.rb:94:in `run'
  /Users/Humberto/.rvm/rubies/ruby-1.9.3-p362/lib/ruby/1.9.1/webrick/server.rb:191:in `block in start_thread'


  Rendered /Users/Humberto/.rvm/gems/ruby-1.9.3-p362@rails3tutorial/gems/actionpack-3.2.12/lib/action_dispatch/middleware/templates/rescues/routing_error.erb within rescues/layout (0.9ms)


Started GET "/assets/favicon.ico" for 127.0.0.1 at 2013-07-24 21:22:43 -0700
Served asset /favicon.ico - 404 Not Found (3ms)

ActionController::RoutingError (No route matches [GET] "/assets/favicon.ico"):
  actionpack (3.2.12) lib/action_dispatch/middleware/debug_exceptions.rb:21:in `call'
  actionpack (3.2.12) lib/action_dispatch/middleware/show_exceptions.rb:56:in `call'
  railties (3.2.12) lib/rails/rack/logger.rb:32:in `call_app'
  railties (3.2.12) lib/rails/rack/logger.rb:16:in `block in call'
  activesupport (3.2.12) lib/active_support/tagged_logging.rb:22:in `tagged'
  railties (3.2.12) lib/rails/rack/logger.rb:16:in `call'
  actionpack (3.2.12) lib/action_dispatch/middleware/request_id.rb:22:in `call'
  rack (1.4.5) lib/rack/methodoverride.rb:21:in `call'
  rack (1.4.5) lib/rack/runtime.rb:17:in `call'
  activesupport (3.2.12) lib/active_support/cache/strategy/local_cache.rb:72:in `call'
  rack (1.4.5) lib/rack/lock.rb:15:in `call'
  actionpack (3.2.12) lib/action_dispatch/middleware/static.rb:62:in `call'
  railties (3.2.12) lib/rails/engine.rb:479:in `call'
  railties (3.2.12) lib/rails/application.rb:223:in `call'
  rack (1.4.5) lib/rack/content_length.rb:14:in `call'
  railties (3.2.12) lib/rails/rack/log_tailer.rb:17:in `call'
  rack (1.4.5) lib/rack/handler/webrick.rb:59:in `service'
  /Users/Humberto/.rvm/rubies/ruby-1.9.3-p362/lib/ruby/1.9.1/webrick/httpserver.rb:138:in `service'
  /Users/Humberto/.rvm/rubies/ruby-1.9.3-p362/lib/ruby/1.9.1/webrick/httpserver.rb:94:in `run'
  /Users/Humberto/.rvm/rubies/ruby-1.9.3-p362/lib/ruby/1.9.1/webrick/server.rb:191:in `block in start_thread'


  Rendered /Users/Humberto/.rvm/gems/ruby-1.9.3-p362@rails3tutorial/gems/actionpack-3.2.12/lib/action_dispatch/middleware/templates/rescues/routing_error.erb within rescues/layout (0.6ms)
